
ADS NASTRAN VERSION 15.0.0.187  18:22  07/07/21                                 
MODEL DATABASE IDENTIFICATION NUMBER: 01G7VG013012                              

NUMBER OF PROCESSOR THREADS REQUESTED =    4                                    
NUMBER OF PROCESSOR THREADS AVAILABLE =   12                                    
NUMBER OF PROCESSOR THREADS USED      =    4                                    

CONDITIONAL NUMERICAL REPRODUCIBILITY = DISABLED                                

NASTRAN PROCESS PRIORITY = NORMAL                                               
                                                                                
                                                                                
LICENSE STATUS                                                                  
                                                                                
AVAILABLE ANALYSIS SOLUTIONS = LINEAR STATIC                                    
                               PRESTRESS STATIC                        
                               NONLINEAR STATIC                        
                               MODAL                                   
                               MODAL COMPLEX EIGENVALUE                
                               LINEAR PRESTRESS MODAL                  
                               NONLINEAR PRESTRESS MODAL               
                               LINEAR PRESTRESS COMPLEX EIGENVALUE     
                               NONLINEAR PRESTRESS COMPLEX EIGENVALUE  
                               LINEAR BUCKLING                         
                               NONLINEAR BUCKLING                      
                               MODAL TRANSIENT RESPONSE                
                               DIRECT TRANSIENT RESPONSE               
                               NONLINEAR TRANSIENT RESPONSE            
                               LINEAR PRESTRESS TRANSIENT RESPONSE     
                               NONLINEAR PRESTRESS TRANSIENT RESPONSE  
                               MODAL FREQUENCY RESPONSE                
                               DIRECT FREQUENCY RESPONSE               
                               LINEAR PRESTRESS FREQUENCY RESPONSE     
                               NONLINEAR PRESTRESS FREQUENCY RESPONSE  
                               LINEAR STEADY STATE HEAT TRANSFER       
                               NONLINEAR STEADY STATE HEAT TRANSFER    
                               NONLINEAR TRANSIENT HEAT TRANSFER       
                               MATRIX REDUCTION                        
                                                                                
REMAINING SOLUTION LICENSE TIME = 229 DAYS                                      
                                                                                
                                                                                
AVAILABLE RESULTS TRANSLATORS = NORAN BINARY                                    
                                NORAN ASCII                             
                                PATRAN BINARY                           
                                PATRAN ASCII                            
                                FEMAP BINARY                            
                                FEMAP ASCII                             
                                NASTRAN BINARY                          
                                                                                
REMAINING TRANSLATOR LICENSE TIME = 229 DAYS                                    
                                                                                
                                                                                
AVAILABLE ANALYSIS FEATURES = MULTIAXIAL FATIGUE                                
                              DYNAMIC FATIGUE                         
                              VIBRATION FATIGUE                       
                              PROGRESSIVE PLY FAILURE                 
                              AMLS INTERFACE                          
                              BOUNDARY ACOUSTIC ANALYSIS              
                              TOPOLOGY OPTIMIZATION                   
                              PROGRESSIVE FAILURE ANALYSIS            
                              ADVANCED MATERIAL EXCHANGE              
                                                                                
REMAINING FEATURE LICENSE TIME = 229 DAYS                                       
                                                                                
                                                                                
MAXIMUM MODEL SIZE = NO LIMITS                                                  
                                                                                

VIRTUAL MEMORY =  1610866176 WORDS     12289.9 MEGABYTES                        
REAL MEMORY    =   689502720 WORDS      5260.5 MEGABYTES                        

DRIVE C: DISK SPACE =     1225253888 WORDS      9347.9 MEGABYTES                

GENERATING DATABASE:  ouv6wv71g.NDB                                             

13 CASE CONTROL COMMANDS WERE RECOGNIZED OF A TOTAL OF 13 READ IN               

27622 BULK DATA ENTRIES WERE RECOGNIZED OF A TOTAL OF 27622 READ IN             
                                                                                
MODEL DATABASE SIZE                                                             
                                                                                
SUBCASES                     =        3                                         
GRID POINTS                  =     8883                                         
ELEMENTS                     =     4407                                         
ELEMENT PROPERTIES           =        1                                         
MATERIAL PROPERTIES          =        1                                         
TABLES                       =        2                                         
SINGLE POINT CONSTRAINTS     =      240                                         
GRID POINT FORCES            =      912                                         
SETS                         =        1                                         
VOLUMES                      =        1                                         

MODULE SEQUENCE FOR SOLUTION: LINEAR STATIC                                     

MODEL SIZE    =       26649 DEGREES OF FREEDOM                                  
MATRIX SIZE   =     1028368 WORDS        7.8 MEGABYTES                          
SEMIBANDWIDTH =         167 WORDS                                               

MODEL GENERALIZED SHAPE RATIO = 3.0483E-01                                      

AVAILABLE VIRTUAL MEMORY  =  1601943552 WORDS     12221.9 MEGABYTES             
AVAILABLE PHYSICAL MEMORY =   684868096 WORDS      5225.1 MEGABYTES             

DRIVE C: DISK SPACE =     1223652352 WORDS      9335.7 MEGABYTES                

WARNING G3015: TET ELEMENT 26 HAS AN INTERIOR ANGLE LESS THAN 10.0              

WARNING G3015: TET ELEMENT 28 HAS AN INTERIOR ANGLE LESS THAN 10.0              

WARNING G3015: TET ELEMENT 45 HAS AN INTERIOR ANGLE LESS THAN 10.0              

WARNING G3015: TET ELEMENT 65 HAS AN INTERIOR ANGLE LESS THAN 10.0              

WARNING G3015: TET ELEMENT 72 HAS AN INTERIOR ANGLE LESS THAN 10.0              

WARNING G3015: TET ELEMENT 74 HAS AN INTERIOR ANGLE LESS THAN 10.0              

WARNING G3015: TET ELEMENT 76 HAS AN INTERIOR ANGLE LESS THAN 10.0              

WARNING G3015: TET ELEMENT 78 HAS AN INTERIOR ANGLE LESS THAN 10.0              

WARNING G3015: TET ELEMENT 83 HAS AN INTERIOR ANGLE LESS THAN 10.0              

WARNING G3015: TET ELEMENT 87 HAS AN INTERIOR ANGLE LESS THAN 10.0              

WARNING G3015: TET ELEMENT 89 HAS AN INTERIOR ANGLE LESS THAN 10.0              

WARNING G3015: TET ELEMENT 90 HAS AN INTERIOR ANGLE LESS THAN 10.0              

WARNING G3015: TET ELEMENT 92 HAS AN INTERIOR ANGLE LESS THAN 10.0              

WARNING G3015: TET ELEMENT 95 HAS AN INTERIOR ANGLE LESS THAN 10.0              

WARNING G3015: TET ELEMENT 100 HAS AN INTERIOR ANGLE LESS THAN 10.0             

WARNING G3015: TET ELEMENT 102 HAS AN INTERIOR ANGLE LESS THAN 10.0             

WARNING G3015: TET ELEMENT 106 HAS AN INTERIOR ANGLE LESS THAN 10.0             

WARNING G3015: TET ELEMENT 108 HAS AN INTERIOR ANGLE LESS THAN 10.0             

WARNING G3015: TET ELEMENT 110 HAS AN INTERIOR ANGLE LESS THAN 10.0             

WARNING G3015: TET ELEMENT 112 HAS AN INTERIOR ANGLE LESS THAN 10.0             

WARNING G3015: TET ELEMENT 113 HAS AN INTERIOR ANGLE LESS THAN 10.0             

WARNING G3015: TET ELEMENT 115 HAS AN INTERIOR ANGLE LESS THAN 10.0             

WARNING G3015: TET ELEMENT 117 HAS AN INTERIOR ANGLE LESS THAN 10.0             

WARNING G3015: TET ELEMENT 123 HAS AN INTERIOR ANGLE LESS THAN 10.0             

WARNING G3015: TET ELEMENT 136 HAS AN INTERIOR ANGLE LESS THAN 10.0             

WARNING G3015: TET ELEMENT 141 HAS AN INTERIOR ANGLE LESS THAN 10.0             

WARNING G3015: TET ELEMENT 146 HAS AN INTERIOR ANGLE LESS THAN 10.0             

WARNING G3015: TET ELEMENT 149 HAS AN INTERIOR ANGLE LESS THAN 10.0             

WARNING G3015: TET ELEMENT 155 HAS AN INTERIOR ANGLE LESS THAN 10.0             

WARNING G3015: TET ELEMENT 157 HAS AN INTERIOR ANGLE LESS THAN 10.0             

WARNING G3015: TET ELEMENT 162 HAS AN INTERIOR ANGLE LESS THAN 10.0             

WARNING G3015: TET ELEMENT 163 HAS AN INTERIOR ANGLE LESS THAN 10.0             

WARNING G3015: TET ELEMENT 164 HAS AN INTERIOR ANGLE LESS THAN 10.0             

WARNING G3015: TET ELEMENT 165 HAS AN INTERIOR ANGLE LESS THAN 10.0             

WARNING G3015: TET ELEMENT 167 HAS AN INTERIOR ANGLE LESS THAN 10.0             

WARNING G3015: TET ELEMENT 169 HAS AN INTERIOR ANGLE LESS THAN 10.0             

WARNING G3015: TET ELEMENT 172 HAS AN INTERIOR ANGLE LESS THAN 10.0             

WARNING G3015: TET ELEMENT 175 HAS AN INTERIOR ANGLE LESS THAN 10.0             

WARNING G3015: TET ELEMENT 178 HAS AN INTERIOR ANGLE LESS THAN 10.0             

WARNING G3015: TET ELEMENT 182 HAS AN INTERIOR ANGLE LESS THAN 10.0             

WARNING G3015: TET ELEMENT 184 HAS AN INTERIOR ANGLE LESS THAN 10.0             

WARNING G3015: TET ELEMENT 186 HAS AN INTERIOR ANGLE LESS THAN 10.0             

WARNING G3015: TET ELEMENT 191 HAS AN INTERIOR ANGLE LESS THAN 10.0             

WARNING G3015: TET ELEMENT 193 HAS AN INTERIOR ANGLE LESS THAN 10.0             

WARNING G3015: TET ELEMENT 195 HAS AN INTERIOR ANGLE LESS THAN 10.0             

WARNING G3015: TET ELEMENT 204 HAS AN INTERIOR ANGLE LESS THAN 10.0             

WARNING G3015: TET ELEMENT 213 HAS AN INTERIOR ANGLE LESS THAN 10.0             

WARNING G3015: TET ELEMENT 223 HAS AN INTERIOR ANGLE LESS THAN 10.0             

WARNING G3015: TET ELEMENT 226 HAS AN INTERIOR ANGLE LESS THAN 10.0             

WARNING G3015: TET ELEMENT 237 HAS AN INTERIOR ANGLE LESS THAN 10.0             

WARNING G3015: TET ELEMENT 240 HAS AN INTERIOR ANGLE LESS THAN 10.0             

WARNING G3015: TET ELEMENT 247 HAS AN INTERIOR ANGLE LESS THAN 10.0             

WARNING G3015: TET ELEMENT 256 HAS AN INTERIOR ANGLE LESS THAN 10.0             

WARNING G3015: TET ELEMENT 259 HAS AN INTERIOR ANGLE LESS THAN 10.0             

WARNING G3015: TET ELEMENT 276 HAS AN INTERIOR ANGLE LESS THAN 10.0             

WARNING G3015: TET ELEMENT 293 HAS AN INTERIOR ANGLE LESS THAN 10.0             

WARNING G3015: TET ELEMENT 312 HAS AN INTERIOR ANGLE LESS THAN 10.0             

WARNING G3015: TET ELEMENT 323 HAS AN INTERIOR ANGLE LESS THAN 10.0             

WARNING G3015: TET ELEMENT 331 HAS AN INTERIOR ANGLE LESS THAN 10.0             

WARNING G3015: TET ELEMENT 339 HAS AN INTERIOR ANGLE LESS THAN 10.0             

WARNING G3015: TET ELEMENT 355 HAS AN INTERIOR ANGLE LESS THAN 10.0             

WARNING G3015: TET ELEMENT 398 HAS AN INTERIOR ANGLE LESS THAN 10.0             

WARNING G3015: TET ELEMENT 417 HAS AN INTERIOR ANGLE LESS THAN 10.0             

WARNING G3015: TET ELEMENT 421 HAS AN INTERIOR ANGLE LESS THAN 10.0             

WARNING G3015: TET ELEMENT 424 HAS AN INTERIOR ANGLE LESS THAN 10.0             

WARNING G3015: TET ELEMENT 445 HAS AN INTERIOR ANGLE LESS THAN 10.0             

WARNING G3015: TET ELEMENT 466 HAS AN INTERIOR ANGLE LESS THAN 10.0             

WARNING G3015: TET ELEMENT 473 HAS AN INTERIOR ANGLE LESS THAN 10.0             

WARNING G3015: TET ELEMENT 475 HAS AN INTERIOR ANGLE LESS THAN 10.0             

WARNING G3015: TET ELEMENT 477 HAS AN INTERIOR ANGLE LESS THAN 10.0             

WARNING G3015: TET ELEMENT 479 HAS AN INTERIOR ANGLE LESS THAN 10.0             

WARNING G3015: TET ELEMENT 480 HAS AN INTERIOR ANGLE LESS THAN 10.0             

WARNING G3015: TET ELEMENT 482 HAS AN INTERIOR ANGLE LESS THAN 10.0             

WARNING G3015: TET ELEMENT 489 HAS AN INTERIOR ANGLE LESS THAN 10.0             

WARNING G3015: TET ELEMENT 491 HAS AN INTERIOR ANGLE LESS THAN 10.0             

WARNING G3015: TET ELEMENT 492 HAS AN INTERIOR ANGLE LESS THAN 10.0             

WARNING G3015: TET ELEMENT 493 HAS AN INTERIOR ANGLE LESS THAN 10.0             

WARNING G3015: TET ELEMENT 494 HAS AN INTERIOR ANGLE LESS THAN 10.0             

WARNING G3015: TET ELEMENT 495 HAS AN INTERIOR ANGLE LESS THAN 10.0             

WARNING G3015: TET ELEMENT 496 HAS AN INTERIOR ANGLE LESS THAN 10.0             

WARNING G3015: TET ELEMENT 501 HAS AN INTERIOR ANGLE LESS THAN 10.0             

WARNING G3015: TET ELEMENT 504 HAS AN INTERIOR ANGLE LESS THAN 10.0             

WARNING G3015: TET ELEMENT 506 HAS AN INTERIOR ANGLE LESS THAN 10.0             

WARNING G3015: TET ELEMENT 509 HAS AN INTERIOR ANGLE LESS THAN 10.0             

WARNING G3015: TET ELEMENT 511 HAS AN INTERIOR ANGLE LESS THAN 10.0             

WARNING G3015: TET ELEMENT 514 HAS AN INTERIOR ANGLE LESS THAN 10.0             

WARNING G3015: TET ELEMENT 517 HAS AN INTERIOR ANGLE LESS THAN 10.0             

WARNING G3015: TET ELEMENT 518 HAS AN INTERIOR ANGLE LESS THAN 10.0             

WARNING G3015: TET ELEMENT 519 HAS AN INTERIOR ANGLE LESS THAN 10.0             

WARNING G3015: TET ELEMENT 522 HAS AN INTERIOR ANGLE LESS THAN 10.0             

WARNING G3015: TET ELEMENT 526 HAS AN INTERIOR ANGLE LESS THAN 10.0             

WARNING G3015: TET ELEMENT 528 HAS AN INTERIOR ANGLE LESS THAN 10.0             

WARNING G3015: TET ELEMENT 532 HAS AN INTERIOR ANGLE LESS THAN 10.0             

WARNING G3015: TET ELEMENT 535 HAS AN INTERIOR ANGLE LESS THAN 10.0             

WARNING G3015: TET ELEMENT 537 HAS AN INTERIOR ANGLE LESS THAN 10.0             

WARNING G3015: TET ELEMENT 546 HAS AN INTERIOR ANGLE LESS THAN 10.0             

WARNING G3015: TET ELEMENT 548 HAS AN INTERIOR ANGLE LESS THAN 10.0             

WARNING G3015: TET ELEMENT 551 HAS AN INTERIOR ANGLE LESS THAN 10.0             

WARNING G3015: TET ELEMENT 552 HAS AN INTERIOR ANGLE LESS THAN 10.0             

WARNING G3015: TET ELEMENT 555 HAS AN INTERIOR ANGLE LESS THAN 10.0             

WARNING G3015: TET ELEMENT 556 HAS AN INTERIOR ANGLE LESS THAN 10.0             

WARNING G3015: TET ELEMENT 557 HAS AN INTERIOR ANGLE LESS THAN 10.0             

WARNING G3015: TET ELEMENT 559 HAS AN INTERIOR ANGLE LESS THAN 10.0             

WARNING G3015: TET ELEMENT 562 HAS AN INTERIOR ANGLE LESS THAN 10.0             

WARNING G3015: TET ELEMENT 572 HAS AN INTERIOR ANGLE LESS THAN 10.0             

WARNING G3015: TET ELEMENT 573 HAS AN INTERIOR ANGLE LESS THAN 10.0             

WARNING G3015: TET ELEMENT 579 HAS AN INTERIOR ANGLE LESS THAN 10.0             

WARNING G3015: TET ELEMENT 589 HAS AN INTERIOR ANGLE LESS THAN 10.0             

WARNING G3015: TET ELEMENT 595 HAS AN INTERIOR ANGLE LESS THAN 10.0             

WARNING G3015: TET ELEMENT 596 HAS AN INTERIOR ANGLE LESS THAN 10.0             

WARNING G3015: TET ELEMENT 598 HAS AN INTERIOR ANGLE LESS THAN 10.0             

WARNING G3015: TET ELEMENT 601 HAS AN INTERIOR ANGLE LESS THAN 10.0             

WARNING G3015: TET ELEMENT 602 HAS AN INTERIOR ANGLE LESS THAN 10.0             

WARNING G3015: TET ELEMENT 606 HAS AN INTERIOR ANGLE LESS THAN 10.0             

WARNING G3015: TET ELEMENT 610 HAS AN INTERIOR ANGLE LESS THAN 10.0             

WARNING G3015: TET ELEMENT 611 HAS AN INTERIOR ANGLE LESS THAN 10.0             

WARNING G3015: TET ELEMENT 617 HAS AN INTERIOR ANGLE LESS THAN 10.0             

WARNING G3015: TET ELEMENT 619 HAS AN INTERIOR ANGLE LESS THAN 10.0             

WARNING G3015: TET ELEMENT 621 HAS AN INTERIOR ANGLE LESS THAN 10.0             

WARNING G3015: TET ELEMENT 626 HAS AN INTERIOR ANGLE LESS THAN 10.0             

WARNING G3015: TET ELEMENT 627 HAS AN INTERIOR ANGLE LESS THAN 10.0             

WARNING G3015: TET ELEMENT 631 HAS AN INTERIOR ANGLE LESS THAN 10.0             

WARNING G3015: TET ELEMENT 633 HAS AN INTERIOR ANGLE LESS THAN 10.0             

WARNING G3015: TET ELEMENT 634 HAS AN INTERIOR ANGLE LESS THAN 10.0             

WARNING G3015: TET ELEMENT 635 HAS AN INTERIOR ANGLE LESS THAN 10.0             

WARNING G3015: TET ELEMENT 640 HAS AN INTERIOR ANGLE LESS THAN 10.0             

WARNING G3015: TET ELEMENT 647 HAS AN INTERIOR ANGLE LESS THAN 10.0             

WARNING G3015: TET ELEMENT 650 HAS AN INTERIOR ANGLE LESS THAN 10.0             

WARNING G3015: TET ELEMENT 651 HAS AN INTERIOR ANGLE LESS THAN 10.0             

WARNING G3015: TET ELEMENT 654 HAS AN INTERIOR ANGLE LESS THAN 10.0             

WARNING G3015: TET ELEMENT 660 HAS AN INTERIOR ANGLE LESS THAN 10.0             

WARNING G3015: TET ELEMENT 662 HAS AN INTERIOR ANGLE LESS THAN 10.0             

WARNING G3015: TET ELEMENT 663 HAS AN INTERIOR ANGLE LESS THAN 10.0             

WARNING G3015: TET ELEMENT 668 HAS AN INTERIOR ANGLE LESS THAN 10.0             

WARNING G3015: TET ELEMENT 674 HAS AN INTERIOR ANGLE LESS THAN 10.0             

WARNING G3015: TET ELEMENT 675 HAS AN INTERIOR ANGLE LESS THAN 10.0             

WARNING G3015: TET ELEMENT 677 HAS AN INTERIOR ANGLE LESS THAN 10.0             

WARNING G3015: TET ELEMENT 683 HAS AN INTERIOR ANGLE LESS THAN 10.0             

WARNING G3015: TET ELEMENT 687 HAS AN INTERIOR ANGLE LESS THAN 10.0             

WARNING G3015: TET ELEMENT 692 HAS AN INTERIOR ANGLE LESS THAN 10.0             

WARNING G3015: TET ELEMENT 695 HAS AN INTERIOR ANGLE LESS THAN 10.0             

WARNING G3015: TET ELEMENT 700 HAS AN INTERIOR ANGLE LESS THAN 10.0             

WARNING G3015: TET ELEMENT 702 HAS AN INTERIOR ANGLE LESS THAN 10.0             

WARNING G3015: TET ELEMENT 704 HAS AN INTERIOR ANGLE LESS THAN 10.0             

WARNING G3015: TET ELEMENT 707 HAS AN INTERIOR ANGLE LESS THAN 10.0             

WARNING G3015: TET ELEMENT 708 HAS AN INTERIOR ANGLE LESS THAN 10.0             

WARNING G3015: TET ELEMENT 710 HAS AN INTERIOR ANGLE LESS THAN 10.0             

WARNING G3015: TET ELEMENT 713 HAS AN INTERIOR ANGLE LESS THAN 10.0             

WARNING G3015: TET ELEMENT 718 HAS AN INTERIOR ANGLE LESS THAN 10.0             

WARNING G3015: TET ELEMENT 719 HAS AN INTERIOR ANGLE LESS THAN 10.0             

WARNING G3015: TET ELEMENT 723 HAS AN INTERIOR ANGLE LESS THAN 10.0             

WARNING G3015: TET ELEMENT 724 HAS AN INTERIOR ANGLE LESS THAN 10.0             

WARNING G3015: TET ELEMENT 727 HAS AN INTERIOR ANGLE LESS THAN 10.0             

WARNING G3015: TET ELEMENT 728 HAS AN INTERIOR ANGLE LESS THAN 10.0             

WARNING G3015: TET ELEMENT 731 HAS AN INTERIOR ANGLE LESS THAN 10.0             

WARNING G3015: TET ELEMENT 738 HAS AN INTERIOR ANGLE LESS THAN 10.0             

WARNING G3015: TET ELEMENT 739 HAS AN INTERIOR ANGLE LESS THAN 10.0             

WARNING G3015: TET ELEMENT 742 HAS AN INTERIOR ANGLE LESS THAN 10.0             

WARNING G3015: TET ELEMENT 748 HAS AN INTERIOR ANGLE LESS THAN 10.0             

WARNING G3015: TET ELEMENT 751 HAS AN INTERIOR ANGLE LESS THAN 10.0             

WARNING G3015: TET ELEMENT 752 HAS AN INTERIOR ANGLE LESS THAN 10.0             

WARNING G3015: TET ELEMENT 758 HAS AN INTERIOR ANGLE LESS THAN 10.0             

WARNING G3015: TET ELEMENT 762 HAS AN INTERIOR ANGLE LESS THAN 10.0             

WARNING G3015: TET ELEMENT 769 HAS AN INTERIOR ANGLE LESS THAN 10.0             

WARNING G3015: TET ELEMENT 770 HAS AN INTERIOR ANGLE LESS THAN 10.0             

WARNING G3015: TET ELEMENT 773 HAS AN INTERIOR ANGLE LESS THAN 10.0             

WARNING G3015: TET ELEMENT 794 HAS AN INTERIOR ANGLE LESS THAN 10.0             

WARNING G3015: TET ELEMENT 798 HAS AN INTERIOR ANGLE LESS THAN 10.0             

WARNING G3015: TET ELEMENT 805 HAS AN INTERIOR ANGLE LESS THAN 10.0             

WARNING G3015: TET ELEMENT 806 HAS AN INTERIOR ANGLE LESS THAN 10.0             

WARNING G3015: TET ELEMENT 808 HAS AN INTERIOR ANGLE LESS THAN 10.0             

WARNING G3015: TET ELEMENT 832 HAS AN INTERIOR ANGLE LESS THAN 10.0             

WARNING G3015: TET ELEMENT 833 HAS AN INTERIOR ANGLE LESS THAN 10.0             

WARNING G3015: TET ELEMENT 834 HAS AN INTERIOR ANGLE LESS THAN 10.0             

WARNING G3015: TET ELEMENT 835 HAS AN INTERIOR ANGLE LESS THAN 10.0             

WARNING G3015: TET ELEMENT 839 HAS AN INTERIOR ANGLE LESS THAN 10.0             

WARNING G3015: TET ELEMENT 845 HAS AN INTERIOR ANGLE LESS THAN 10.0             

WARNING G3015: TET ELEMENT 846 HAS AN INTERIOR ANGLE LESS THAN 10.0             

WARNING G3015: TET ELEMENT 847 HAS AN INTERIOR ANGLE LESS THAN 10.0             

WARNING G3015: TET ELEMENT 854 HAS AN INTERIOR ANGLE LESS THAN 10.0             

WARNING G3015: TET ELEMENT 942 HAS AN INTERIOR ANGLE LESS THAN 10.0             

WARNING G3015: TET ELEMENT 946 HAS AN INTERIOR ANGLE LESS THAN 10.0             

WARNING G3015: TET ELEMENT 953 HAS AN INTERIOR ANGLE LESS THAN 10.0             

WARNING G3015: TET ELEMENT 957 HAS AN INTERIOR ANGLE LESS THAN 10.0             

WARNING G3015: TET ELEMENT 960 HAS AN INTERIOR ANGLE LESS THAN 10.0             

WARNING G3015: TET ELEMENT 962 HAS AN INTERIOR ANGLE LESS THAN 10.0             

WARNING G3015: TET ELEMENT 974 HAS AN INTERIOR ANGLE LESS THAN 10.0             

WARNING G3015: TET ELEMENT 975 HAS AN INTERIOR ANGLE LESS THAN 10.0             

WARNING G3015: TET ELEMENT 976 HAS AN INTERIOR ANGLE LESS THAN 10.0             

WARNING G3015: TET ELEMENT 984 HAS AN INTERIOR ANGLE LESS THAN 10.0             

WARNING G3015: TET ELEMENT 985 HAS AN INTERIOR ANGLE LESS THAN 10.0             

WARNING G3015: TET ELEMENT 986 HAS AN INTERIOR ANGLE LESS THAN 10.0             

WARNING G3015: TET ELEMENT 988 HAS AN INTERIOR ANGLE LESS THAN 10.0             

WARNING G3015: TET ELEMENT 995 HAS AN INTERIOR ANGLE LESS THAN 10.0             

WARNING G3015: TET ELEMENT 1003 HAS AN INTERIOR ANGLE LESS THAN 10.0            

WARNING G3015: TET ELEMENT 1011 HAS AN INTERIOR ANGLE LESS THAN 10.0            

WARNING G3015: TET ELEMENT 1017 HAS AN INTERIOR ANGLE LESS THAN 10.0            

WARNING G3015: TET ELEMENT 1030 HAS AN INTERIOR ANGLE LESS THAN 10.0            

WARNING G3015: TET ELEMENT 1040 HAS AN INTERIOR ANGLE LESS THAN 10.0            

WARNING G3015: TET ELEMENT 1048 HAS AN INTERIOR ANGLE LESS THAN 10.0            

WARNING G3015: TET ELEMENT 1052 HAS AN INTERIOR ANGLE LESS THAN 10.0            

WARNING G3015: TET ELEMENT 1099 HAS AN INTERIOR ANGLE LESS THAN 10.0            

WARNING G3015: TET ELEMENT 1164 HAS AN INTERIOR ANGLE LESS THAN 10.0            

WARNING G3015: TET ELEMENT 1166 HAS AN INTERIOR ANGLE LESS THAN 10.0            

WARNING G3015: TET ELEMENT 1183 HAS AN INTERIOR ANGLE LESS THAN 10.0            

WARNING G3015: TET ELEMENT 1191 HAS AN INTERIOR ANGLE LESS THAN 10.0            

WARNING G3015: TET ELEMENT 1214 HAS AN INTERIOR ANGLE LESS THAN 10.0            

WARNING G3015: TET ELEMENT 1222 HAS AN INTERIOR ANGLE LESS THAN 10.0            

WARNING G3015: TET ELEMENT 1232 HAS AN INTERIOR ANGLE LESS THAN 10.0            

WARNING G3015: TET ELEMENT 1236 HAS AN INTERIOR ANGLE LESS THAN 10.0            

WARNING G3015: TET ELEMENT 1237 HAS AN INTERIOR ANGLE LESS THAN 10.0            

WARNING G3015: TET ELEMENT 1291 HAS AN INTERIOR ANGLE LESS THAN 10.0            

WARNING G3015: TET ELEMENT 1298 HAS AN INTERIOR ANGLE LESS THAN 10.0            

WARNING G3015: TET ELEMENT 1299 HAS AN INTERIOR ANGLE LESS THAN 10.0            

WARNING G3015: TET ELEMENT 1303 HAS AN INTERIOR ANGLE LESS THAN 10.0            

WARNING G3015: TET ELEMENT 1314 HAS AN INTERIOR ANGLE LESS THAN 10.0            

WARNING G3015: TET ELEMENT 1315 HAS AN INTERIOR ANGLE LESS THAN 10.0            

WARNING G3015: TET ELEMENT 1316 HAS AN INTERIOR ANGLE LESS THAN 10.0            

WARNING G3015: TET ELEMENT 1318 HAS AN INTERIOR ANGLE LESS THAN 10.0            

WARNING G3015: TET ELEMENT 1319 HAS AN INTERIOR ANGLE LESS THAN 10.0            

WARNING G3015: TET ELEMENT 1323 HAS AN INTERIOR ANGLE LESS THAN 10.0            

WARNING G3015: TET ELEMENT 1333 HAS AN INTERIOR ANGLE LESS THAN 10.0            

WARNING G3015: TET ELEMENT 1340 HAS AN INTERIOR ANGLE LESS THAN 10.0            

WARNING G3015: TET ELEMENT 1341 HAS AN INTERIOR ANGLE LESS THAN 10.0            

WARNING G3015: TET ELEMENT 1343 HAS AN INTERIOR ANGLE LESS THAN 10.0            

WARNING G3015: TET ELEMENT 1347 HAS AN INTERIOR ANGLE LESS THAN 10.0            

WARNING G3015: TET ELEMENT 1356 HAS AN INTERIOR ANGLE LESS THAN 10.0            

WARNING G3015: TET ELEMENT 1359 HAS AN INTERIOR ANGLE LESS THAN 10.0            

WARNING G3015: TET ELEMENT 1364 HAS AN INTERIOR ANGLE LESS THAN 10.0            

WARNING G3015: TET ELEMENT 1367 HAS AN INTERIOR ANGLE LESS THAN 10.0            

WARNING G3015: TET ELEMENT 1378 HAS AN INTERIOR ANGLE LESS THAN 10.0            

WARNING G3015: TET ELEMENT 1380 HAS AN INTERIOR ANGLE LESS THAN 10.0            

WARNING G3015: TET ELEMENT 1391 HAS AN INTERIOR ANGLE LESS THAN 10.0            

WARNING G3015: TET ELEMENT 1393 HAS AN INTERIOR ANGLE LESS THAN 10.0            

WARNING G3015: TET ELEMENT 1397 HAS AN INTERIOR ANGLE LESS THAN 10.0            

WARNING G3015: TET ELEMENT 1416 HAS AN INTERIOR ANGLE LESS THAN 10.0            

WARNING G3015: TET ELEMENT 1427 HAS AN INTERIOR ANGLE LESS THAN 10.0            

WARNING G3015: TET ELEMENT 1434 HAS AN INTERIOR ANGLE LESS THAN 10.0            

WARNING G3015: TET ELEMENT 1437 HAS AN INTERIOR ANGLE LESS THAN 10.0            

WARNING G3015: TET ELEMENT 1438 HAS AN INTERIOR ANGLE LESS THAN 10.0            

WARNING G3015: TET ELEMENT 1440 HAS AN INTERIOR ANGLE LESS THAN 10.0            

WARNING G3015: TET ELEMENT 1441 HAS AN INTERIOR ANGLE LESS THAN 10.0            

WARNING G3015: TET ELEMENT 1448 HAS AN INTERIOR ANGLE LESS THAN 10.0            

WARNING G3015: TET ELEMENT 1451 HAS AN INTERIOR ANGLE LESS THAN 10.0            

WARNING G3015: TET ELEMENT 1454 HAS AN INTERIOR ANGLE LESS THAN 10.0            

WARNING G3015: TET ELEMENT 1455 HAS AN INTERIOR ANGLE LESS THAN 10.0            

WARNING G3015: TET ELEMENT 1456 HAS AN INTERIOR ANGLE LESS THAN 10.0            

WARNING G3015: TET ELEMENT 1457 HAS AN INTERIOR ANGLE LESS THAN 10.0            

WARNING G3015: TET ELEMENT 1470 HAS AN INTERIOR ANGLE LESS THAN 10.0            

WARNING G3015: TET ELEMENT 1486 HAS AN INTERIOR ANGLE LESS THAN 10.0            

WARNING G3015: TET ELEMENT 1506 HAS AN INTERIOR ANGLE LESS THAN 10.0            

WARNING G3015: TET ELEMENT 1513 HAS AN INTERIOR ANGLE LESS THAN 10.0            

WARNING G3015: TET ELEMENT 1554 HAS AN INTERIOR ANGLE LESS THAN 10.0            

WARNING G3015: TET ELEMENT 1598 HAS AN INTERIOR ANGLE LESS THAN 10.0            

WARNING G3015: TET ELEMENT 1599 HAS AN INTERIOR ANGLE LESS THAN 10.0            

WARNING G3015: TET ELEMENT 1611 HAS AN INTERIOR ANGLE LESS THAN 10.0            

WARNING G3015: TET ELEMENT 1622 HAS AN INTERIOR ANGLE LESS THAN 10.0            

WARNING G3015: TET ELEMENT 1634 HAS AN INTERIOR ANGLE LESS THAN 10.0            

WARNING G3015: TET ELEMENT 1638 HAS AN INTERIOR ANGLE LESS THAN 10.0            

WARNING G3015: TET ELEMENT 1645 HAS AN INTERIOR ANGLE LESS THAN 10.0            

WARNING G3015: TET ELEMENT 1655 HAS AN INTERIOR ANGLE LESS THAN 10.0            

WARNING G3015: TET ELEMENT 1667 HAS AN INTERIOR ANGLE LESS THAN 10.0            

WARNING G3015: TET ELEMENT 1669 HAS AN INTERIOR ANGLE LESS THAN 10.0            

WARNING G3015: TET ELEMENT 1672 HAS AN INTERIOR ANGLE LESS THAN 10.0            

WARNING G3015: TET ELEMENT 1692 HAS AN INTERIOR ANGLE LESS THAN 10.0            

WARNING G3015: TET ELEMENT 1693 HAS AN INTERIOR ANGLE LESS THAN 10.0            

WARNING G3015: TET ELEMENT 1707 HAS AN INTERIOR ANGLE LESS THAN 10.0            

WARNING G3015: TET ELEMENT 1711 HAS AN INTERIOR ANGLE LESS THAN 10.0            

WARNING G3015: TET ELEMENT 1714 HAS AN INTERIOR ANGLE LESS THAN 10.0            

WARNING G3015: TET ELEMENT 1753 HAS AN INTERIOR ANGLE LESS THAN 10.0            

WARNING G3015: TET ELEMENT 1757 HAS AN INTERIOR ANGLE LESS THAN 10.0            

WARNING G3015: TET ELEMENT 1758 HAS AN INTERIOR ANGLE LESS THAN 10.0            

WARNING G3015: TET ELEMENT 1761 HAS AN INTERIOR ANGLE LESS THAN 10.0            

WARNING G3015: TET ELEMENT 1762 HAS AN INTERIOR ANGLE LESS THAN 10.0            

WARNING G3015: TET ELEMENT 1764 HAS AN INTERIOR ANGLE LESS THAN 10.0            

WARNING G3015: TET ELEMENT 1765 HAS AN INTERIOR ANGLE LESS THAN 10.0            

WARNING G3015: TET ELEMENT 1768 HAS AN INTERIOR ANGLE LESS THAN 10.0            

WARNING G3015: TET ELEMENT 1773 HAS AN INTERIOR ANGLE LESS THAN 10.0            

WARNING G3015: TET ELEMENT 1777 HAS AN INTERIOR ANGLE LESS THAN 10.0            

WARNING G3015: TET ELEMENT 1778 HAS AN INTERIOR ANGLE LESS THAN 10.0            

WARNING G3015: TET ELEMENT 1779 HAS AN INTERIOR ANGLE LESS THAN 10.0            

WARNING G3015: TET ELEMENT 1784 HAS AN INTERIOR ANGLE LESS THAN 10.0            

WARNING G3015: TET ELEMENT 1799 HAS AN INTERIOR ANGLE LESS THAN 10.0            

WARNING G3015: TET ELEMENT 1800 HAS AN INTERIOR ANGLE LESS THAN 10.0            

WARNING G3015: TET ELEMENT 1804 HAS AN INTERIOR ANGLE LESS THAN 10.0            

WARNING G3015: TET ELEMENT 1809 HAS AN INTERIOR ANGLE LESS THAN 10.0            

WARNING G3015: TET ELEMENT 1837 HAS AN INTERIOR ANGLE LESS THAN 10.0            

WARNING G3015: TET ELEMENT 1841 HAS AN INTERIOR ANGLE LESS THAN 10.0            

WARNING G3015: TET ELEMENT 1848 HAS AN INTERIOR ANGLE LESS THAN 10.0            

WARNING G3015: TET ELEMENT 1860 HAS AN INTERIOR ANGLE LESS THAN 10.0            

WARNING G3015: TET ELEMENT 1893 HAS AN INTERIOR ANGLE LESS THAN 10.0            

WARNING G3015: TET ELEMENT 1909 HAS AN INTERIOR ANGLE LESS THAN 10.0            

WARNING G3015: TET ELEMENT 1941 HAS AN INTERIOR ANGLE LESS THAN 10.0            

WARNING G3015: TET ELEMENT 1945 HAS AN INTERIOR ANGLE LESS THAN 10.0            

WARNING G3015: TET ELEMENT 1955 HAS AN INTERIOR ANGLE LESS THAN 10.0            

WARNING G3015: TET ELEMENT 1964 HAS AN INTERIOR ANGLE LESS THAN 10.0            

WARNING G3015: TET ELEMENT 1972 HAS AN INTERIOR ANGLE LESS THAN 10.0            

WARNING G3015: TET ELEMENT 1979 HAS AN INTERIOR ANGLE LESS THAN 10.0            

WARNING G3015: TET ELEMENT 1981 HAS AN INTERIOR ANGLE LESS THAN 10.0            

WARNING G3015: TET ELEMENT 1990 HAS AN INTERIOR ANGLE LESS THAN 10.0            

WARNING G3015: TET ELEMENT 1992 HAS AN INTERIOR ANGLE LESS THAN 10.0            

WARNING G3015: TET ELEMENT 1996 HAS AN INTERIOR ANGLE LESS THAN 10.0            

WARNING G3015: TET ELEMENT 1998 HAS AN INTERIOR ANGLE LESS THAN 10.0            

WARNING G3015: TET ELEMENT 2000 HAS AN INTERIOR ANGLE LESS THAN 10.0            

WARNING G3015: TET ELEMENT 2018 HAS AN INTERIOR ANGLE LESS THAN 10.0            

WARNING G3015: TET ELEMENT 2021 HAS AN INTERIOR ANGLE LESS THAN 10.0            

WARNING G3015: TET ELEMENT 2025 HAS AN INTERIOR ANGLE LESS THAN 10.0            

WARNING G3015: TET ELEMENT 2026 HAS AN INTERIOR ANGLE LESS THAN 10.0            

WARNING G3015: TET ELEMENT 2027 HAS AN INTERIOR ANGLE LESS THAN 10.0            

WARNING G3015: TET ELEMENT 2035 HAS AN INTERIOR ANGLE LESS THAN 10.0            

WARNING G3015: TET ELEMENT 2037 HAS AN INTERIOR ANGLE LESS THAN 10.0            

WARNING G3015: TET ELEMENT 2038 HAS AN INTERIOR ANGLE LESS THAN 10.0            

WARNING G3015: TET ELEMENT 2041 HAS AN INTERIOR ANGLE LESS THAN 10.0            

WARNING G3015: TET ELEMENT 2044 HAS AN INTERIOR ANGLE LESS THAN 10.0            

WARNING G3015: TET ELEMENT 2050 HAS AN INTERIOR ANGLE LESS THAN 10.0            

WARNING G3015: TET ELEMENT 2052 HAS AN INTERIOR ANGLE LESS THAN 10.0            

WARNING G3015: TET ELEMENT 2062 HAS AN INTERIOR ANGLE LESS THAN 10.0            

WARNING G3015: TET ELEMENT 2070 HAS AN INTERIOR ANGLE LESS THAN 10.0            

WARNING G3015: TET ELEMENT 2081 HAS AN INTERIOR ANGLE LESS THAN 10.0            

WARNING G3015: TET ELEMENT 2092 HAS AN INTERIOR ANGLE LESS THAN 10.0            

WARNING G3015: TET ELEMENT 2103 HAS AN INTERIOR ANGLE LESS THAN 10.0            

WARNING G3015: TET ELEMENT 2111 HAS AN INTERIOR ANGLE LESS THAN 10.0            

WARNING G3015: TET ELEMENT 2116 HAS AN INTERIOR ANGLE LESS THAN 10.0            

WARNING G3015: TET ELEMENT 2117 HAS AN INTERIOR ANGLE LESS THAN 10.0            

WARNING G3015: TET ELEMENT 2119 HAS AN INTERIOR ANGLE LESS THAN 10.0            

WARNING G3015: TET ELEMENT 2122 HAS AN INTERIOR ANGLE LESS THAN 10.0            

WARNING G3015: TET ELEMENT 2136 HAS AN INTERIOR ANGLE LESS THAN 10.0            

WARNING G3015: TET ELEMENT 2145 HAS AN INTERIOR ANGLE LESS THAN 10.0            

WARNING G3015: TET ELEMENT 2174 HAS AN INTERIOR ANGLE LESS THAN 10.0            

WARNING G3015: TET ELEMENT 2175 HAS AN INTERIOR ANGLE LESS THAN 10.0            

WARNING G3015: TET ELEMENT 2185 HAS AN INTERIOR ANGLE LESS THAN 10.0            

WARNING G3015: TET ELEMENT 2189 HAS AN INTERIOR ANGLE LESS THAN 10.0            

WARNING G3015: TET ELEMENT 2196 HAS AN INTERIOR ANGLE LESS THAN 10.0            

WARNING G3015: TET ELEMENT 2197 HAS AN INTERIOR ANGLE LESS THAN 10.0            

WARNING G3015: TET ELEMENT 2206 HAS AN INTERIOR ANGLE LESS THAN 10.0            

WARNING G3015: TET ELEMENT 2238 HAS AN INTERIOR ANGLE LESS THAN 10.0            

WARNING G3015: TET ELEMENT 2243 HAS AN INTERIOR ANGLE LESS THAN 10.0            

WARNING G3015: TET ELEMENT 2267 HAS AN INTERIOR ANGLE LESS THAN 10.0            

WARNING G3015: TET ELEMENT 2270 HAS AN INTERIOR ANGLE LESS THAN 10.0            

WARNING G3015: TET ELEMENT 2272 HAS AN INTERIOR ANGLE LESS THAN 10.0            

WARNING G3015: TET ELEMENT 2295 HAS AN INTERIOR ANGLE LESS THAN 10.0            

WARNING G3015: TET ELEMENT 2305 HAS AN INTERIOR ANGLE LESS THAN 10.0            

WARNING G3015: TET ELEMENT 2330 HAS AN INTERIOR ANGLE LESS THAN 10.0            

WARNING G3015: TET ELEMENT 2335 HAS AN INTERIOR ANGLE LESS THAN 10.0            

WARNING G3015: TET ELEMENT 2340 HAS AN INTERIOR ANGLE LESS THAN 10.0            

WARNING G3015: TET ELEMENT 2341 HAS AN INTERIOR ANGLE LESS THAN 10.0            

WARNING G3015: TET ELEMENT 2364 HAS AN INTERIOR ANGLE LESS THAN 10.0            

WARNING G3015: TET ELEMENT 2369 HAS AN INTERIOR ANGLE LESS THAN 10.0            

WARNING G3015: TET ELEMENT 2372 HAS AN INTERIOR ANGLE LESS THAN 10.0            

WARNING G3015: TET ELEMENT 2396 HAS AN INTERIOR ANGLE LESS THAN 10.0            

WARNING G3015: TET ELEMENT 2413 HAS AN INTERIOR ANGLE LESS THAN 10.0            

WARNING G3015: TET ELEMENT 2417 HAS AN INTERIOR ANGLE LESS THAN 10.0            

WARNING G3015: TET ELEMENT 2419 HAS AN INTERIOR ANGLE LESS THAN 10.0            

WARNING G3015: TET ELEMENT 2422 HAS AN INTERIOR ANGLE LESS THAN 10.0            

WARNING G3015: TET ELEMENT 2433 HAS AN INTERIOR ANGLE LESS THAN 10.0            

WARNING G3015: TET ELEMENT 2434 HAS AN INTERIOR ANGLE LESS THAN 10.0            

WARNING G3015: TET ELEMENT 2446 HAS AN INTERIOR ANGLE LESS THAN 10.0            

WARNING G3015: TET ELEMENT 2447 HAS AN INTERIOR ANGLE LESS THAN 10.0            

WARNING G3015: TET ELEMENT 2450 HAS AN INTERIOR ANGLE LESS THAN 10.0            

WARNING G3015: TET ELEMENT 2459 HAS AN INTERIOR ANGLE LESS THAN 10.0            

WARNING G3015: TET ELEMENT 2461 HAS AN INTERIOR ANGLE LESS THAN 10.0            

WARNING G3015: TET ELEMENT 2472 HAS AN INTERIOR ANGLE LESS THAN 10.0            

WARNING G3015: TET ELEMENT 2496 HAS AN INTERIOR ANGLE LESS THAN 10.0            

WARNING G3015: TET ELEMENT 2499 HAS AN INTERIOR ANGLE LESS THAN 10.0            

WARNING G3015: TET ELEMENT 2507 HAS AN INTERIOR ANGLE LESS THAN 10.0            

WARNING G3015: TET ELEMENT 2509 HAS AN INTERIOR ANGLE LESS THAN 10.0            

WARNING G3015: TET ELEMENT 2511 HAS AN INTERIOR ANGLE LESS THAN 10.0            

WARNING G3015: TET ELEMENT 2531 HAS AN INTERIOR ANGLE LESS THAN 10.0            

WARNING G3015: TET ELEMENT 2532 HAS AN INTERIOR ANGLE LESS THAN 10.0            

WARNING G3015: TET ELEMENT 2533 HAS AN INTERIOR ANGLE LESS THAN 10.0            

WARNING G3015: TET ELEMENT 2535 HAS AN INTERIOR ANGLE LESS THAN 10.0            

WARNING G3015: TET ELEMENT 2537 HAS AN INTERIOR ANGLE LESS THAN 10.0            

WARNING G3015: TET ELEMENT 2539 HAS AN INTERIOR ANGLE LESS THAN 10.0            

WARNING G3015: TET ELEMENT 2542 HAS AN INTERIOR ANGLE LESS THAN 10.0            

WARNING G3015: TET ELEMENT 2549 HAS AN INTERIOR ANGLE LESS THAN 10.0            

WARNING G3015: TET ELEMENT 2581 HAS AN INTERIOR ANGLE LESS THAN 10.0            

WARNING G3015: TET ELEMENT 2583 HAS AN INTERIOR ANGLE LESS THAN 10.0            

WARNING G3015: TET ELEMENT 2588 HAS AN INTERIOR ANGLE LESS THAN 10.0            

WARNING G3015: TET ELEMENT 2589 HAS AN INTERIOR ANGLE LESS THAN 10.0            

WARNING G3015: TET ELEMENT 2595 HAS AN INTERIOR ANGLE LESS THAN 10.0            

WARNING G3015: TET ELEMENT 2598 HAS AN INTERIOR ANGLE LESS THAN 10.0            

WARNING G3015: TET ELEMENT 2603 HAS AN INTERIOR ANGLE LESS THAN 10.0            

WARNING G3015: TET ELEMENT 2605 HAS AN INTERIOR ANGLE LESS THAN 10.0            

WARNING G3015: TET ELEMENT 2606 HAS AN INTERIOR ANGLE LESS THAN 10.0            

WARNING G3015: TET ELEMENT 2612 HAS AN INTERIOR ANGLE LESS THAN 10.0            

WARNING G3015: TET ELEMENT 2626 HAS AN INTERIOR ANGLE LESS THAN 10.0            

WARNING G3015: TET ELEMENT 2631 HAS AN INTERIOR ANGLE LESS THAN 10.0            

WARNING G3015: TET ELEMENT 2632 HAS AN INTERIOR ANGLE LESS THAN 10.0            

WARNING G3015: TET ELEMENT 2633 HAS AN INTERIOR ANGLE LESS THAN 10.0            

WARNING G3015: TET ELEMENT 2634 HAS AN INTERIOR ANGLE LESS THAN 10.0            

WARNING G3015: TET ELEMENT 2681 HAS AN INTERIOR ANGLE LESS THAN 10.0            

WARNING G3015: TET ELEMENT 2703 HAS AN INTERIOR ANGLE LESS THAN 10.0            

WARNING G3015: TET ELEMENT 2704 HAS AN INTERIOR ANGLE LESS THAN 10.0            

WARNING G3015: TET ELEMENT 2729 HAS AN INTERIOR ANGLE LESS THAN 10.0            

WARNING G3015: TET ELEMENT 2734 HAS AN INTERIOR ANGLE LESS THAN 10.0            

WARNING G3015: TET ELEMENT 2735 HAS AN INTERIOR ANGLE LESS THAN 10.0            

WARNING G3015: TET ELEMENT 2738 HAS AN INTERIOR ANGLE LESS THAN 10.0            

WARNING G3015: TET ELEMENT 2740 HAS AN INTERIOR ANGLE LESS THAN 10.0            

WARNING G3015: TET ELEMENT 2755 HAS AN INTERIOR ANGLE LESS THAN 10.0            

WARNING G3015: TET ELEMENT 2761 HAS AN INTERIOR ANGLE LESS THAN 10.0            

WARNING G3015: TET ELEMENT 2766 HAS AN INTERIOR ANGLE LESS THAN 10.0            

WARNING G3015: TET ELEMENT 2768 HAS AN INTERIOR ANGLE LESS THAN 10.0            

WARNING G3015: TET ELEMENT 2784 HAS AN INTERIOR ANGLE LESS THAN 10.0            

WARNING G3015: TET ELEMENT 2797 HAS AN INTERIOR ANGLE LESS THAN 10.0            

WARNING G3015: TET ELEMENT 2800 HAS AN INTERIOR ANGLE LESS THAN 10.0            

WARNING G3015: TET ELEMENT 2802 HAS AN INTERIOR ANGLE LESS THAN 10.0            

WARNING G3015: TET ELEMENT 2803 HAS AN INTERIOR ANGLE LESS THAN 10.0            

WARNING G3015: TET ELEMENT 2818 HAS AN INTERIOR ANGLE LESS THAN 10.0            

WARNING G3015: TET ELEMENT 2828 HAS AN INTERIOR ANGLE LESS THAN 10.0            

WARNING G3015: TET ELEMENT 2832 HAS AN INTERIOR ANGLE LESS THAN 10.0            

WARNING G3015: TET ELEMENT 2836 HAS AN INTERIOR ANGLE LESS THAN 10.0            

WARNING G3015: TET ELEMENT 2837 HAS AN INTERIOR ANGLE LESS THAN 10.0            

WARNING G3015: TET ELEMENT 2840 HAS AN INTERIOR ANGLE LESS THAN 10.0            

WARNING G3015: TET ELEMENT 2842 HAS AN INTERIOR ANGLE LESS THAN 10.0            

WARNING G3015: TET ELEMENT 2852 HAS AN INTERIOR ANGLE LESS THAN 10.0            

WARNING G3015: TET ELEMENT 2854 HAS AN INTERIOR ANGLE LESS THAN 10.0            

WARNING G3015: TET ELEMENT 2855 HAS AN INTERIOR ANGLE LESS THAN 10.0            

WARNING G3015: TET ELEMENT 2858 HAS AN INTERIOR ANGLE LESS THAN 10.0            

WARNING G3015: TET ELEMENT 2864 HAS AN INTERIOR ANGLE LESS THAN 10.0            

WARNING G3015: TET ELEMENT 2867 HAS AN INTERIOR ANGLE LESS THAN 10.0            

WARNING G3015: TET ELEMENT 2869 HAS AN INTERIOR ANGLE LESS THAN 10.0            

WARNING G3015: TET ELEMENT 2870 HAS AN INTERIOR ANGLE LESS THAN 10.0            

WARNING G3015: TET ELEMENT 2872 HAS AN INTERIOR ANGLE LESS THAN 10.0            

WARNING G3015: TET ELEMENT 2877 HAS AN INTERIOR ANGLE LESS THAN 10.0            

WARNING G3015: TET ELEMENT 2888 HAS AN INTERIOR ANGLE LESS THAN 10.0            

WARNING G3015: TET ELEMENT 2903 HAS AN INTERIOR ANGLE LESS THAN 10.0            

WARNING G3015: TET ELEMENT 2907 HAS AN INTERIOR ANGLE LESS THAN 10.0            

WARNING G3015: TET ELEMENT 2909 HAS AN INTERIOR ANGLE LESS THAN 10.0            

WARNING G3015: TET ELEMENT 2910 HAS AN INTERIOR ANGLE LESS THAN 10.0            

WARNING G3015: TET ELEMENT 2912 HAS AN INTERIOR ANGLE LESS THAN 10.0            

WARNING G3015: TET ELEMENT 2913 HAS AN INTERIOR ANGLE LESS THAN 10.0            

WARNING G3015: TET ELEMENT 2920 HAS AN INTERIOR ANGLE LESS THAN 10.0            

WARNING G3015: TET ELEMENT 2922 HAS AN INTERIOR ANGLE LESS THAN 10.0            

WARNING G3015: TET ELEMENT 2927 HAS AN INTERIOR ANGLE LESS THAN 10.0            

WARNING G3015: TET ELEMENT 2928 HAS AN INTERIOR ANGLE LESS THAN 10.0            

WARNING G3015: TET ELEMENT 2937 HAS AN INTERIOR ANGLE LESS THAN 10.0            

WARNING G3015: TET ELEMENT 2946 HAS AN INTERIOR ANGLE LESS THAN 10.0            

WARNING G3015: TET ELEMENT 2956 HAS AN INTERIOR ANGLE LESS THAN 10.0            

WARNING G3015: TET ELEMENT 2960 HAS AN INTERIOR ANGLE LESS THAN 10.0            

WARNING G3015: TET ELEMENT 2961 HAS AN INTERIOR ANGLE LESS THAN 10.0            

WARNING G3015: TET ELEMENT 2963 HAS AN INTERIOR ANGLE LESS THAN 10.0            

WARNING G3015: TET ELEMENT 2968 HAS AN INTERIOR ANGLE LESS THAN 10.0            

WARNING G3015: TET ELEMENT 2975 HAS AN INTERIOR ANGLE LESS THAN 10.0            

WARNING G3015: TET ELEMENT 2976 HAS AN INTERIOR ANGLE LESS THAN 10.0            

WARNING G3015: TET ELEMENT 3009 HAS AN INTERIOR ANGLE LESS THAN 10.0            

WARNING G3015: TET ELEMENT 3010 HAS AN INTERIOR ANGLE LESS THAN 10.0            

WARNING G3015: TET ELEMENT 3035 HAS AN INTERIOR ANGLE LESS THAN 10.0            

WARNING G3015: TET ELEMENT 3037 HAS AN INTERIOR ANGLE LESS THAN 10.0            

WARNING G3015: TET ELEMENT 3038 HAS AN INTERIOR ANGLE LESS THAN 10.0            

WARNING G3015: TET ELEMENT 3046 HAS AN INTERIOR ANGLE LESS THAN 10.0            

WARNING G3015: TET ELEMENT 3067 HAS AN INTERIOR ANGLE LESS THAN 10.0            

WARNING G3015: TET ELEMENT 3070 HAS AN INTERIOR ANGLE LESS THAN 10.0            

WARNING G3015: TET ELEMENT 3071 HAS AN INTERIOR ANGLE LESS THAN 10.0            

WARNING G3015: TET ELEMENT 3086 HAS AN INTERIOR ANGLE LESS THAN 10.0            

WARNING G3015: TET ELEMENT 3093 HAS AN INTERIOR ANGLE LESS THAN 10.0            

WARNING G3015: TET ELEMENT 3120 HAS AN INTERIOR ANGLE LESS THAN 10.0            

WARNING G3015: TET ELEMENT 3147 HAS AN INTERIOR ANGLE LESS THAN 10.0            

WARNING G3015: TET ELEMENT 3176 HAS AN INTERIOR ANGLE LESS THAN 10.0            

WARNING G3015: TET ELEMENT 3177 HAS AN INTERIOR ANGLE LESS THAN 10.0            

WARNING G3015: TET ELEMENT 3182 HAS AN INTERIOR ANGLE LESS THAN 10.0            

WARNING G3015: TET ELEMENT 3185 HAS AN INTERIOR ANGLE LESS THAN 10.0            

WARNING G3015: TET ELEMENT 3187 HAS AN INTERIOR ANGLE LESS THAN 10.0            

WARNING G3015: TET ELEMENT 3189 HAS AN INTERIOR ANGLE LESS THAN 10.0            

WARNING G3015: TET ELEMENT 3200 HAS AN INTERIOR ANGLE LESS THAN 10.0            

WARNING G3015: TET ELEMENT 3202 HAS AN INTERIOR ANGLE LESS THAN 10.0            

WARNING G3015: TET ELEMENT 3211 HAS AN INTERIOR ANGLE LESS THAN 10.0            

WARNING G3015: TET ELEMENT 3213 HAS AN INTERIOR ANGLE LESS THAN 10.0            

WARNING G3015: TET ELEMENT 3216 HAS AN INTERIOR ANGLE LESS THAN 10.0            

WARNING G3015: TET ELEMENT 3227 HAS AN INTERIOR ANGLE LESS THAN 10.0            

WARNING G3015: TET ELEMENT 3233 HAS AN INTERIOR ANGLE LESS THAN 10.0            

WARNING G3015: TET ELEMENT 3246 HAS AN INTERIOR ANGLE LESS THAN 10.0            

WARNING G3015: TET ELEMENT 3250 HAS AN INTERIOR ANGLE LESS THAN 10.0            

WARNING G3015: TET ELEMENT 3260 HAS AN INTERIOR ANGLE LESS THAN 10.0            

WARNING G3015: TET ELEMENT 3261 HAS AN INTERIOR ANGLE LESS THAN 10.0            

WARNING G3015: TET ELEMENT 3268 HAS AN INTERIOR ANGLE LESS THAN 10.0            

WARNING G3015: TET ELEMENT 3269 HAS AN INTERIOR ANGLE LESS THAN 10.0            

WARNING G3015: TET ELEMENT 3271 HAS AN INTERIOR ANGLE LESS THAN 10.0            

WARNING G3015: TET ELEMENT 3280 HAS AN INTERIOR ANGLE LESS THAN 10.0            

WARNING G3015: TET ELEMENT 3294 HAS AN INTERIOR ANGLE LESS THAN 10.0            

WARNING G3015: TET ELEMENT 3313 HAS AN INTERIOR ANGLE LESS THAN 10.0            

WARNING G3015: TET ELEMENT 3318 HAS AN INTERIOR ANGLE LESS THAN 10.0            

WARNING G3015: TET ELEMENT 3343 HAS AN INTERIOR ANGLE LESS THAN 10.0            

WARNING G3015: TET ELEMENT 3353 HAS AN INTERIOR ANGLE LESS THAN 10.0            

WARNING G3015: TET ELEMENT 3357 HAS AN INTERIOR ANGLE LESS THAN 10.0            

WARNING G3015: TET ELEMENT 3371 HAS AN INTERIOR ANGLE LESS THAN 10.0            

WARNING G3015: TET ELEMENT 3413 HAS AN INTERIOR ANGLE LESS THAN 10.0            

WARNING G3015: TET ELEMENT 3421 HAS AN INTERIOR ANGLE LESS THAN 10.0            

WARNING G3015: TET ELEMENT 3449 HAS AN INTERIOR ANGLE LESS THAN 10.0            

WARNING G3015: TET ELEMENT 3455 HAS AN INTERIOR ANGLE LESS THAN 10.0            

WARNING G3015: TET ELEMENT 3456 HAS AN INTERIOR ANGLE LESS THAN 10.0            

WARNING G3015: TET ELEMENT 3459 HAS AN INTERIOR ANGLE LESS THAN 10.0            

WARNING G3015: TET ELEMENT 3468 HAS AN INTERIOR ANGLE LESS THAN 10.0            

WARNING G3015: TET ELEMENT 3473 HAS AN INTERIOR ANGLE LESS THAN 10.0            

WARNING G3015: TET ELEMENT 3500 HAS AN INTERIOR ANGLE LESS THAN 10.0            

WARNING G3015: TET ELEMENT 3514 HAS AN INTERIOR ANGLE LESS THAN 10.0            

WARNING G3015: TET ELEMENT 3528 HAS AN INTERIOR ANGLE LESS THAN 10.0            

WARNING G3015: TET ELEMENT 3534 HAS AN INTERIOR ANGLE LESS THAN 10.0            

WARNING G3015: TET ELEMENT 3538 HAS AN INTERIOR ANGLE LESS THAN 10.0            

WARNING G3015: TET ELEMENT 3540 HAS AN INTERIOR ANGLE LESS THAN 10.0            

WARNING G3015: TET ELEMENT 3551 HAS AN INTERIOR ANGLE LESS THAN 10.0            

WARNING G3015: TET ELEMENT 3555 HAS AN INTERIOR ANGLE LESS THAN 10.0            

WARNING G3015: TET ELEMENT 3557 HAS AN INTERIOR ANGLE LESS THAN 10.0            

WARNING G3015: TET ELEMENT 3559 HAS AN INTERIOR ANGLE LESS THAN 10.0            

WARNING G3015: TET ELEMENT 3582 HAS AN INTERIOR ANGLE LESS THAN 10.0            

WARNING G3015: TET ELEMENT 3590 HAS AN INTERIOR ANGLE LESS THAN 10.0            

WARNING G3015: TET ELEMENT 3600 HAS AN INTERIOR ANGLE LESS THAN 10.0            

WARNING G3015: TET ELEMENT 3617 HAS AN INTERIOR ANGLE LESS THAN 10.0            

WARNING G3015: TET ELEMENT 3643 HAS AN INTERIOR ANGLE LESS THAN 10.0            

WARNING G3015: TET ELEMENT 3647 HAS AN INTERIOR ANGLE LESS THAN 10.0            

WARNING G3015: TET ELEMENT 3653 HAS AN INTERIOR ANGLE LESS THAN 10.0            

WARNING G3015: TET ELEMENT 3661 HAS AN INTERIOR ANGLE LESS THAN 10.0            

WARNING G3015: TET ELEMENT 3671 HAS AN INTERIOR ANGLE LESS THAN 10.0            

WARNING G3015: TET ELEMENT 3688 HAS AN INTERIOR ANGLE LESS THAN 10.0            

WARNING G3015: TET ELEMENT 3691 HAS AN INTERIOR ANGLE LESS THAN 10.0            

WARNING G3015: TET ELEMENT 3693 HAS AN INTERIOR ANGLE LESS THAN 10.0            

WARNING G3015: TET ELEMENT 3719 HAS AN INTERIOR ANGLE LESS THAN 10.0            

WARNING G3015: TET ELEMENT 3736 HAS AN INTERIOR ANGLE LESS THAN 10.0            

WARNING G3015: TET ELEMENT 3737 HAS AN INTERIOR ANGLE LESS THAN 10.0            

WARNING G3015: TET ELEMENT 3743 HAS AN INTERIOR ANGLE LESS THAN 10.0            

WARNING G3015: TET ELEMENT 3752 HAS AN INTERIOR ANGLE LESS THAN 10.0            

WARNING G3015: TET ELEMENT 3765 HAS AN INTERIOR ANGLE LESS THAN 10.0            

WARNING G3015: TET ELEMENT 3813 HAS AN INTERIOR ANGLE LESS THAN 10.0            

WARNING G3015: TET ELEMENT 3866 HAS AN INTERIOR ANGLE LESS THAN 10.0            

WARNING G3015: TET ELEMENT 3884 HAS AN INTERIOR ANGLE LESS THAN 10.0            

WARNING G3015: TET ELEMENT 3897 HAS AN INTERIOR ANGLE LESS THAN 10.0            

WARNING G3015: TET ELEMENT 3911 HAS AN INTERIOR ANGLE LESS THAN 10.0            

WARNING G3015: TET ELEMENT 3912 HAS AN INTERIOR ANGLE LESS THAN 10.0            

WARNING G3015: TET ELEMENT 3913 HAS AN INTERIOR ANGLE LESS THAN 10.0            

WARNING G3015: TET ELEMENT 3915 HAS AN INTERIOR ANGLE LESS THAN 10.0            

WARNING G3015: TET ELEMENT 3921 HAS AN INTERIOR ANGLE LESS THAN 10.0            

WARNING G3015: TET ELEMENT 3926 HAS AN INTERIOR ANGLE LESS THAN 10.0            

WARNING G3015: TET ELEMENT 3934 HAS AN INTERIOR ANGLE LESS THAN 10.0            

WARNING G3015: TET ELEMENT 3957 HAS AN INTERIOR ANGLE LESS THAN 10.0            

WARNING G3015: TET ELEMENT 3962 HAS AN INTERIOR ANGLE LESS THAN 10.0            

WARNING G3015: TET ELEMENT 3971 HAS AN INTERIOR ANGLE LESS THAN 10.0            

WARNING G3015: TET ELEMENT 3975 HAS AN INTERIOR ANGLE LESS THAN 10.0            

WARNING G3015: TET ELEMENT 3979 HAS AN INTERIOR ANGLE LESS THAN 10.0            

WARNING G3015: TET ELEMENT 3988 HAS AN INTERIOR ANGLE LESS THAN 10.0            

WARNING G3015: TET ELEMENT 3992 HAS AN INTERIOR ANGLE LESS THAN 10.0            

WARNING G3015: TET ELEMENT 4012 HAS AN INTERIOR ANGLE LESS THAN 10.0            

WARNING G3015: TET ELEMENT 4022 HAS AN INTERIOR ANGLE LESS THAN 10.0            

WARNING G3015: TET ELEMENT 4025 HAS AN INTERIOR ANGLE LESS THAN 10.0            

WARNING G3015: TET ELEMENT 4043 HAS AN INTERIOR ANGLE LESS THAN 10.0            

WARNING G3015: TET ELEMENT 4048 HAS AN INTERIOR ANGLE LESS THAN 10.0            

WARNING G3015: TET ELEMENT 4067 HAS AN INTERIOR ANGLE LESS THAN 10.0            

WARNING G3015: TET ELEMENT 4069 HAS AN INTERIOR ANGLE LESS THAN 10.0            

WARNING G3015: TET ELEMENT 4073 HAS AN INTERIOR ANGLE LESS THAN 10.0            

WARNING G3015: TET ELEMENT 4079 HAS AN INTERIOR ANGLE LESS THAN 10.0            

WARNING G3015: TET ELEMENT 4097 HAS AN INTERIOR ANGLE LESS THAN 10.0            

WARNING G3015: TET ELEMENT 4116 HAS AN INTERIOR ANGLE LESS THAN 10.0            

WARNING G3015: TET ELEMENT 4129 HAS AN INTERIOR ANGLE LESS THAN 10.0            

WARNING G3015: TET ELEMENT 4132 HAS AN INTERIOR ANGLE LESS THAN 10.0            

WARNING G3015: TET ELEMENT 4145 HAS AN INTERIOR ANGLE LESS THAN 10.0            

WARNING G3015: TET ELEMENT 4151 HAS AN INTERIOR ANGLE LESS THAN 10.0            

WARNING G3015: TET ELEMENT 4157 HAS AN INTERIOR ANGLE LESS THAN 10.0            

WARNING G3015: TET ELEMENT 4163 HAS AN INTERIOR ANGLE LESS THAN 10.0            

WARNING G3015: TET ELEMENT 4168 HAS AN INTERIOR ANGLE LESS THAN 10.0            

WARNING G3015: TET ELEMENT 4170 HAS AN INTERIOR ANGLE LESS THAN 10.0            

WARNING G3015: TET ELEMENT 4203 HAS AN INTERIOR ANGLE LESS THAN 10.0            

WARNING G3015: TET ELEMENT 4226 HAS AN INTERIOR ANGLE LESS THAN 10.0            

WARNING G3015: TET ELEMENT 4246 HAS AN INTERIOR ANGLE LESS THAN 10.0            

WARNING G3015: TET ELEMENT 4252 HAS AN INTERIOR ANGLE LESS THAN 10.0            

WARNING G3015: TET ELEMENT 4258 HAS AN INTERIOR ANGLE LESS THAN 10.0            

WARNING G3015: TET ELEMENT 4261 HAS AN INTERIOR ANGLE LESS THAN 10.0            

WARNING G3015: TET ELEMENT 4264 HAS AN INTERIOR ANGLE LESS THAN 10.0            

WARNING G3015: TET ELEMENT 4265 HAS AN INTERIOR ANGLE LESS THAN 10.0            

WARNING G3015: TET ELEMENT 4271 HAS AN INTERIOR ANGLE LESS THAN 10.0            

WARNING G3015: TET ELEMENT 4275 HAS AN INTERIOR ANGLE LESS THAN 10.0            

WARNING G3015: TET ELEMENT 4277 HAS AN INTERIOR ANGLE LESS THAN 10.0            

WARNING G3015: TET ELEMENT 4290 HAS AN INTERIOR ANGLE LESS THAN 10.0            

WARNING G3015: TET ELEMENT 4292 HAS AN INTERIOR ANGLE LESS THAN 10.0            

WARNING G3015: TET ELEMENT 4326 HAS AN INTERIOR ANGLE LESS THAN 10.0            

WARNING G3015: TET ELEMENT 4342 HAS AN INTERIOR ANGLE LESS THAN 10.0            

WARNING G3015: TET ELEMENT 4351 HAS AN INTERIOR ANGLE LESS THAN 10.0            

WARNING G3015: TET ELEMENT 4354 HAS AN INTERIOR ANGLE LESS THAN 10.0            

WARNING G3015: TET ELEMENT 4377 HAS AN INTERIOR ANGLE LESS THAN 10.0            

WARNING G3015: TET ELEMENT 4382 HAS AN INTERIOR ANGLE LESS THAN 10.0            

WARNING G3015: TET ELEMENT 4386 HAS AN INTERIOR ANGLE LESS THAN 10.0            

WARNING G3015: TET ELEMENT 4396 HAS AN INTERIOR ANGLE LESS THAN 10.0            

WARNING G3015: TET ELEMENT 4399 HAS AN INTERIOR ANGLE LESS THAN 10.0            

WARNING G3015: TET ELEMENT 4403 HAS AN INTERIOR ANGLE LESS THAN 10.0            

WARNING G3015: TET ELEMENT 4407 HAS AN INTERIOR ANGLE LESS THAN 10.0            

ELEMENT GEOMETRY STATISTICS                                                     

MAXIMUM TET ELEMENT FACE SKEW ANGLE      =  75.32 DEGREES ON ELEMENT 1554       
MAXIMUM TET ELEMENT EDGE POINT DEVIATION =   0.00 DEGREES ON ELEMENT 4407       
MAXIMUM TET ELEMENT FACE INTERIOR ANGLE  = 150.72 DEGREES ON ELEMENT 1662       
MINIMUM TET ELEMENT FACE INTERIOR ANGLE  =   7.76 DEGREES ON ELEMENT 752        

MAXIMUM TET ELEMENT ASPECT RATIO            =   4.60 ON ELEMENT 4383            
MINIMUM TET ELEMENT EDGE POINT LENGTH RATIO =   1.00 ON ELEMENT 4407            

GLOBAL STIFFNESS MATRIX ASSEMBLY STATISTICS                                     

SPARSE MATRIX SIZE =    1028368 WORDS        7.8 MEGABYTES                      
MEMORY ALLOCATED   =    1542552 WORDS       11.8 MEGABYTES                      

MAXIMUM GLOBAL STIFFNESS MATRIX TERM ZEROED =  9.9811E-16                       
MINIMUM GLOBAL STIFFNESS MATRIX TERM ZEROED =  0.0000E+00                       
REDUCTION IN GLOBAL STIFFNESS MATRIX SIZE   =  6.77 PERCENT                     

ASSEMBLY TIME FOR 4407 ELEMENTS = 0.9 SECONDS                                   

TOTAL MASS = 1.025058E+00                                                       

MASS DISTRIBUTION BY TYPE                                                       

STRUCTURAL MASS    =  1.025058E+00                                              
NONSTRUCTURAL MASS =  0.000000E+00                                              
CONCENTRATED MASS  =  0.000000E+00                                              
OTHER MASS         =  0.000000E+00                                              

CENTER OF MASS RELATIVE TO ORIGIN OF BASIC SYSTEM                               
                                                                                
X-COORDINATE = -1.445424E-13                                                    
Y-COORDINATE = -1.449638E-13                                                    
Z-COORDINATE =  2.025000E-01                                                    

SOLUTION SEQUENCE FOR SUBCASE 1                                                 

MAXIMUM STIFFNESS MATRIX DIAGONAL =  3.7844E+10  AT GRID 7336 COMPONENT 1       
MINIMUM STIFFNESS MATRIX DIAGONAL =  8.6221E+08  AT GRID 911  COMPONENT 3       

AVAILABLE VIRTUAL MEMORY  =  1599993856 WORDS     12207.0 MEGABYTES             
AVAILABLE PHYSICAL MEMORY =   682718720 WORDS      5208.7 MEGABYTES             

DRIVE C: DISK SPACE =     1223595008 WORDS      9335.3 MEGABYTES                

GLOBAL STIFFNESS MATRIX FACTORIZATION STATISTICS                                

NUMBER OF NEGATIVE TERMS ON FACTOR DIAGONAL = 0                                 
MAXIMUM MATRIX FACTOR DIAGONAL RATIO = 2.461E+03 AT GRID 8375 COMPONENT 2       

REORDERING METHOD REQUESTED = AUTO                                              
REORDERING METHOD USED      = VRM7                                              

FACTORED SPARSE MATRIX SIZE =        6282854 WORDS       95.9 MEGABYTES         
ADDITIONAL MEMORY ALLOCATED =       11550720 WORDS       88.1 MEGABYTES         

FACTORIZATION TIME FOR 6282854 WORDS = 0.4 SECONDS                              

MAXIMUM DISPLACEMENT MAGNITUDE =  0.000000E+00  AT GRID 8883                    
MAXIMUM ROTATION MAGNITUDE     =  0.000000E+00  AT GRID 8883                    

EPSILON       =  0.000000E+00                                                   
STRAIN ENERGY =  0.000000E+00                                                   

SOLUTION TIME FOR 26649 DEGREES OF FREEDOM = 0.0 SECONDS                        

MAXIMUM SINGLE POINT CONSTRAINT FORCE MAGNITUDE  =  0.000000E+00  AT GRID 8883  
MAXIMUM SINGLE POINT CONSTRAINT MOMENT MAGNITUDE =  0.000000E+00  AT GRID 8883  

SOLUTION SEQUENCE FOR SUBCASE 2                                                 

MAXIMUM DISPLACEMENT MAGNITUDE =  1.430732E-05  AT GRID 1458                    
MAXIMUM ROTATION MAGNITUDE     =  0.000000E+00  AT GRID 8883                    

EPSILON       =  2.267236E-12                                                   
STRAIN ENERGY =  2.851867E-03                                                   

SOLUTION TIME FOR 26649 DEGREES OF FREEDOM = 0.0 SECONDS                        

MAXIMUM SINGLE POINT CONSTRAINT FORCE MAGNITUDE  =  1.096476E+02  AT GRID 5425  
MAXIMUM SINGLE POINT CONSTRAINT MOMENT MAGNITUDE =  0.000000E+00  AT GRID 8883  

CALCULATING RESULTS FOR SUBCASE 1                                               

CALCULATING TET ELEMENT RESULTS IN VOLUME 0 FOR SUBCASE 1                       

MAXIMUM TET ELEMENT PRINCIPAL STRESS =  0.000000E+00  AT ELEMENT 4407           
MINIMUM TET ELEMENT PRINCIPAL STRESS =  0.000000E+00  AT ELEMENT 4407           
MAXIMUM TET ELEMENT SHEAR STRESS     =  0.000000E+00  AT ELEMENT 4407           
MAXIMUM TET ELEMENT VON MISES STRESS =  0.000000E+00  AT ELEMENT 4407           

MAXIMUM TET ELEMENT SAFETY FACTOR =  0.000000E+00  AT ELEMENT 4407              
MINIMUM TET ELEMENT SAFETY FACTOR =  0.000000E+00  AT ELEMENT 4407              

MAXIMUM SOLID ELEMENT NORMALIZED STRESS ERROR =  0.000000E+00  AT GRID 1492     
MINIMUM SOLID ELEMENT NORMALIZED STRESS ERROR =  0.000000E+00  AT GRID 1492     

SOLID ELEMENT RELATIVE STRESS ERROR =  0.000000E+00                             

CALCULATING RESULTS FOR SUBCASE 2                                               

CALCULATING TET ELEMENT RESULTS IN VOLUME 0 FOR SUBCASE 2                       

MAXIMUM TET ELEMENT PRINCIPAL STRESS =  1.841469E+07  AT ELEMENT 1640           
MINIMUM TET ELEMENT PRINCIPAL STRESS = -1.705467E+07  AT ELEMENT 4356           
MAXIMUM TET ELEMENT SHEAR STRESS     =  8.498739E+06  AT ELEMENT 1867           
MAXIMUM TET ELEMENT VON MISES STRESS =  1.493201E+07  AT ELEMENT 1867           

MAXIMUM TET ELEMENT SAFETY FACTOR =  0.000000E+00  AT ELEMENT 4407              
MINIMUM TET ELEMENT SAFETY FACTOR =  0.000000E+00  AT ELEMENT 4407              

MAXIMUM SOLID ELEMENT NORMALIZED STRESS ERROR =  1.535954E-01  AT GRID 155      
MINIMUM SOLID ELEMENT NORMALIZED STRESS ERROR =  0.000000E+00  AT GRID 1489     

SOLID ELEMENT RELATIVE STRESS ERROR =  1.535954E-01                             

MAXIMUM DAMAGE =  0.000000E+00  AT ELEMENT 1                                    
MINIMUM LIFE   =  1.000000E+10  AT ELEMENT 1                                    

ANALYSIS DIRECTIVE DEFINITION                                                   
                                                                                
BUFFEREDDECKREAD = ON                                                           
BULKDATAOUT      = OFF                                                          
BULKDATASORT     = ON                                                           
DATABASE         = ouv6wv71g.NDB                                                
DECOMPAUTOSIZE   = 50000                                                        
DECOMPMETHOD     = PSS                                                          
DISKSTATUS       = ON                                                           
DYNRSLTMETHOD    = AUTO                                                         
ELAPSEDTIME      = OFF                                                          
EXTRACTAUTOSIZE  = 10000                                                        
EXTRACTMETHOD    = LANCZOS                                                      
FEMAPRSLTVECTID  = ON                                                           
FILEBUFFERSIZE1  = 100                                                          
FILEBUFFERSIZE2  = 100                                                          
FILEBUFFERSIZE3  = 100                                                          
FILEBUFFERSIZE4  = 100                                                          
FILESIGNATURE    = G7VG013012                                                   
FILESPEC1        = C:\ProgramData\Autodesk\Nastran 2021\Temp\NDBG7VG013012.TMP\ 
FILESPEC2        = C:\ProgramData\Autodesk\Nastran 2021\Temp\NDBG7VG013012.TMP\ 
FILESPEC3        = C:\ProgramData\Autodesk\Nastran 2021\Temp\NDBG7VG013012.TMP\ 
FILESPEC4        = C:\ProgramData\Autodesk\Nastran 2021\Temp\NDBG7VG013012.TMP\ 
GPWEIGHTMETHOD   = VECTOR                                                       
INMEMORYIO       = ON                                                           
LEFTMARGIN       = 1                                                            
LICENSEMANAGER   = ADLM                                                         
LINE             = 75                                                           
MAXRAM           = 0                                                            
MEMORYSTATUS     = ON                                                           
MINRAM           = 0                                                            
MODLDATAFORMAT   = 3                                                            
MODLDATAOUT      = ON                                                           
MODLINITOUT      = ON                                                           
MODLSTATUS       = DISPLAY                                                      
NDISKS           = 1                                                            
NFILEBUFFER1     = 1                                                            
NFILEBUFFER2     = 1                                                            
NFILEBUFFER3     = 1                                                            
NFILEBUFFER4     = 1                                                            
NPROCESSORS      = 4                                                            
PROCESSPRIORITY  = NORMAL                                                       
OPTIMIZESETTINGS = NONE                                                         
OUTCONTSYMBOL    = OFF                                                          
OUTDISPGEOMMODE  = 1                                                            
OUTDISPSETID     = 100                                                          
OUTLOADSETID     = 100                                                          
OUTPAGEFORMAT    = OFF                                                          
OUTGRIDOFFSET    = 100000                                                       
OUTSPCSETID      = 100                                                          
OUTSTRNSETID     = 100                                                          
OUTTEMPSETID     = 100                                                          
OUTZEROVECT      = OFF                                                          
PCHFILEDBLEPRCS  = OFF                                                          
PCHFILETYPE      = NASTRAN                                                      
PURGE            = ON                                                           
RAM              = 12984                                                        
RESERVEDRAM      = 0                                                            
RESTART          = OFF                                                          
RSLTFILEDBLEPRCS = OFF                                                          
RSLTFILEFORMAT   = PLATFORM                                                     
RSLTFILEPURGE    = ON                                                           
RSLTFILETYPE     = FEMAP BINARY                                                 
RSLTLABEL        = 1                                                            
RSPECDISPMETHOD  = NODAL                                                        
RSPECVECTMETHOD  = OFF                                                          
SECONDS          = ON                                                           
OUTGEOMFILETYPE  = 2                                                            
SYSTEMSTATUS     = OFF                                                          
TOPTENGINE       = AUTO                                                         
TRSLDDAMDATA     = OFF                                                          
TRSLDFGMDATA     = OFF                                                          
TRSLDISPDATA     = OFF                                                          
TRSLDMIDATA      = OFF                                                          
TRSLLOADDATA     = OFF                                                          
TRSLMODLDATA     = OFF                                                          
TRSLPRESDATA     = OFF                                                          
TRSLRBSEDATA     = OFF                                                          
TRSLSPCDATA      = OFF                                                          
TRSLSTRNDATA     = OFF                                                          
TRSLTEMPDATA     = OFF                                                          
TRSLTOQEDATA     = OFF                                                          
SHELLEGRID       = OFF                                                          
SOLIDEGRID       = OFF                                                          
XYPLOTCSVOUT     = OFF                                                          

ANALYSIS PARAMETERS DEFINITION                                                  
                                                                                
ACBPRESSET       = 0                                                            
ACBREFPRES       = 0.000000E+00                                                 
ACBVC            = 0.000000E+00                                                 
ADAPTLNCONTACT   = AUTO                                                         
ADAPTTIMESTEP    = OFF                                                          
ADDNLTOQUADLOAD  = OFF                                                          
ADDPRESTRESS     = ON                                                           
ADDPSDAFREQ      = OFF                                                          
ALIGNEDGENODE    = OFF                                                          
ALPHA            = 0.000000E+00                                                 
ALTFAILINDEXFORM = OFF                                                          
AUTOBPD          = OFF                                                          
AUTOCORDROTATE   = ON                                                           
AUTOFIXELEMGEOM  = ON                                                           
AUTOFIXRIGIDELEM = ON                                                           
AUTOFIXRIGIDSPC  = OFF                                                          
AUTOSPC          = ON                                                           
BARDKMETHOD      = BOTH                                                         
BAREQVLOAD       = ON                                                           
BETA             = 0.000000E+00                                                 
BISECT           = ON                                                           
BOLTPRELOADTOL   = 0.000000E+00                                                 
BPDEFDIAG        = 0.000000E+00                                                 
CB1              = 1.000000E+00                                                 
CB2              = 1.000000E+00                                                 
CK1              = 1.000000E+00                                                 
CK2              = 1.000000E+00                                                 
CLOSE            = 1.000000E+00                                                 
CM1              = 1.000000E+00                                                 
CM2              = 1.000000E+00                                                 
COMPE1RSF        = DISABLE                                                      
COMPE2RSF        = DISABLE                                                      
COMPE3RSF        = DISABLE                                                      
COMPG12RSF       = DISABLE                                                      
COMPG23RSF       = DISABLE                                                      
COMPG31RSF       = DISABLE                                                      
COMPILSMETHOD    = COMPONENT                                                    
COMPK1           = AUTO                                                         
COMPK2           = AUTO                                                         
COMPRSLTOUT      = ON                                                           
CONTACTGEN       = DISABLE                                                      
CONTACTTOL       = AUTO                                                         
CONTACTSTAB      = OFF                                                          
CONVMATRIX       = OFF                                                          
COUPMASS         = OFF                                                          
CP1              = 1.000000E+00                                                 
CP2              = 1.000000E+00                                                 
CYSYMGEN         = 0                                                            
CYSYMTOL         = 1.000000E-10                                                 
DATABASEACCEL    = ON                                                           
DDAMPHASE        = 0                                                            
DELTASTRAINEGOUT = OFF                                                          
DFREQ            = 1.000000E-05                                                 
DIRSTRESSTYPE    = 0                                                            
DISPGEOMSFACT    = 1.000000E+00                                                 
DMILABEL         =                                                              
DMIPDIAG         = OFF                                                          
DYNRESPEIGVOUT   = OFF                                                          
DYNSOLACCEL      = ON                                                           
DYNSOLDIRECTINT  = ON                                                           
DYNSOLRELGRID    = 0                                                            
EDGENODETOL      = AUTO                                                         
EIGENFLEXFREQ    = 1.000000E-01                                                 
EIGENSHIFTSFACT  = 1.000000E+04                                                 
EIGENSOLACCEL    = ON                                                           
ELEMGEOMCHECKS   = ON                                                           
ELEMGEOMFATAL    = OFF                                                          
ELEMGEOMOUT      = OFF                                                          
ELEMRSLTCORD     = MATERIAL                                                     
ELEMRSLTMAXTYPE  = MAXCORNER                                                    
EMODES           = 30                                                           
ENHCBARRSLT      = OFF                                                          
ENHCCONTACTRSLT  = OFF                                                          
ENHCQUADRSLT     = OFF                                                          
EPSILONFLOAT     = 1.000000E-15                                                 
EQVSTRESSTYPE    = 0                                                            
FACTDIAG         = 1.000000E-10                                                 
FACTRATIOTOL     = 1.000000E+05                                                 
FIXNLTOQUAD      = ON                                                           
FLOATINZERO      = 1.000000E-15                                                 
FLOATOUTZERO     = 1.000000E-15                                                 
FREQRESPRSLTINCR = 10                                                           
FREQRESPRSLTOUT  = ON                                                           
G                = 0.000000E+00                                                 
GPSTRESS         = OFF                                                          
GPWEIGHT         = ON                                                           
GRDPNT           = 0                                                            
GRIDCOLTOL       = 0.000000E+00                                                 
GRIDTEMPASGN     = OFF                                                          
GRIDTEMPAVE      = OFF                                                          
HEXARTOL         = 1.000000E+02                                                 
HEXENODE         = OFF                                                          
HEXFACEMAXIATOL  = 1.650000E+02                                                 
HEXFACEMAXIATOL  = 1.650000E+02                                                 
HEXFACEMINIATOL  = 2.500000E+01                                                 
HEXFACESKEWTOL   = 6.500000E+01                                                 
HEXFACETAPERTOL  = 7.500000E-01                                                 
HEXFACEWARPTOL   = 4.500000E+01                                                 
HEXINODE         = OFF                                                          
HEXMAXEPADTOL    = 3.000000E+01                                                 
HEXMINEPLRTOL    = 5.000000E-01                                                 
HEXREDORD        = ON                                                           
HFREQ            = 1.000000E+30                                                 
HPNLMATREDORD    = AUTO                                                         
HPNLMATSFACT     = AUTO                                                         
INERTIALRELIEF   = OFF                                                          
INITSLINEKSFACT  = 1.000000E-02                                                 
INITSTRAINSFACT  = 1.000000E+00                                                 
J4ROT            = AUTO                                                         
KDAMP            = 1                                                            
K6ROT            = 1.000000E+02                                                 
KRIGIDELEM       = 7.239475E+11                                                 
LANCZOSVECT      = OFF                                                          
LANGLE           = GIMBAL                                                       
LARC02TSAITOL    = 2.000000E+00                                                 
LFREQ            = 0.000000E+00                                                 
LGDISP           = 0                                                            
LINEARCONTACT    = OFF                                                          
LMODES           = 2                                                            
LNCONTACTITERTOL = 1.000000E-02                                                 
M6ROT            = 0.000000E+00                                                 
MAXADJEDGE       = 100                                                          
MAXBISECTRESTART = OFF                                                          
MAXEIGENRESTART  = 5                                                            
MAXELEMGEOMMSG   = 27637                                                        
MAXIMPACTSTEP    = 0                                                            
MAXINCREFSTRAINP = AUTO                                                         
MAXLNCONTACTITER = -1                                                           
MAXITERRESTART   = 0                                                            
MAXSPARSEITER    = AUTO                                                         
MAXSRITER        = 100                                                          
MAXTOPTITER      = 200                                                          
MECHSTRAIN       = OFF                                                          
MINSPARSEITER    = 50                                                           
MODALDATABASE    = DELETE                                                       
MODEFSPCSTORE    = ON                                                           
MODEPFACTOR      = ON                                                           
MODEVAROUT       = OFF                                                          
NBEAMINTNODE     = 2                                                            
NCBMODE          = 1                                                            
NCONTACTGEOMITER = 1                                                            
NDAMP            = 1.000000E-02                                                 
NITERCUPDATE     = AUTO                                                         
NITERKSUPDATE    = 3                                                            
NITERLCUPDATE    = 10                                                           
NITERMUPDATE     = 3                                                            
NITERPFUPDATE    = 1                                                            
NITERSUPDATE     = 8                                                            
NLAYERS          = 1                                                            
NLCOMPPLYFAIL    = OFF                                                          
NLINDATABASE     = DELETE                                                       
NLINDATALOADSF   = AUTO                                                         
NLINSOLACCEL     = 4                                                            
NLINSOLTOL       = 2                                                            
NLKDIAGAFACT     = 0.000000E+00                                                 
NLKDIAGCOMP      = 123456                                                       
NLKDIAGMINAFACT  = 0.000000E+00                                                 
NLKDIAGSET       = 0                                                            
NLLSSTRAINTYPE   = LOG                                                          
NLLSSTRESSTYPE   = CAUCHY                                                       
NLMATSFACT       = AUTO                                                         
NLMATTABLGEN     = 0.000000E+00                                                 
NLNPDKRESET      = OFF                                                          
NLSUBCREINIT     = OFF                                                          
NLTOL            = 2                                                            
NLTOQUAD         = ON                                                           
NLTRUESTRESS     = OFF                                                          
NOCOMPS          = OFF                                                          
NRBCHECKMODES    = 0                                                            
NSUBINCRBISECT   = 200                                                          
NTOPTSTRESSDIV   = -1                                                           
OPTION           = ABS                                                          
OUTSETTOL        = 1.000000E-05                                                 
PARTGEOMOUT      = ON                                                           
PARTMASSOUT      = OFF                                                          
PCGLSSDMI        = OFF                                                          
PENTARTOL        = 1.000000E+02                                                 
PENTEGRID        = OFF                                                          
PENTFACEMAXIATOL = 1.650000E+02                                                 
PENTFACEMAXIATOL = 1.650000E+02                                                 
PENTFACEMINIATOL = 2.500000E+01                                                 
PENTFACESKEWTOL  = 6.500000E+01                                                 
PENTFACETAPERTOL = 7.500000E-01                                                 
PENTFACEWARPTOL  = 4.500000E+01                                                 
PENTMAXEPADTOL   = 3.000000E+01                                                 
PENTMINEPLRTOL   = 5.000000E-01                                                 
PENTREDORD       = ON                                                           
PRGPST           = ON                                                           
PYRARTOL         = 1.000000E+02                                                 
PYREGRID         = OFF                                                          
PYRFACEMAXIATOL  = 1.700000E+02                                                 
PYRFACEMAXIATOL  = 1.700000E+02                                                 
PYRFACEMINIATOL  = 5.000000E+00                                                 
PYRFACESKEWTOL   = 8.000000E+01                                                 
PYRFACETAPERTOL  = 7.500000E-01                                                 
PYRFACEWARPTOL   = 4.500000E+01                                                 
PYRMAXEPADTOL    = 3.000000E+01                                                 
PYRMINEPLRTOL    = 5.000000E-01                                                 
PYRREDORD        = ON                                                           
QUADBNDREDORD    = ON                                                           
QUADEQVLOAD      = OFF                                                          
QUADINODE        = OFF                                                          
QUADMAXEPADTOL   = 3.000000E+01                                                 
QUADMAXIATOL     = 1.650000E+02                                                 
QUADMEMREDORD    = ON                                                           
QUADMINEPLRTOL   = 5.000000E-01                                                 
QUADMINIATOL     = 2.500000E+01                                                 
QUADRNODE        = OFF                                                          
QUADSECT         = OFF                                                          
QUADSKEWTOL      = 6.500000E+01                                                 
QUADTAPERTOL     = 7.500000E-01                                                 
QUADWARPLIMIT    = 4.500000E+01                                                 
QUADWARPTOL      = 4.500000E+01                                                 
RADMATRIX        = ON                                                           
RANDRESPINVLEVEL = 1                                                            
RANDRESPRSLTOUT  = ON                                                           
RBCHECKLEVEL     = 0                                                            
RBCHECKMODES     = 0                                                            
RESEQGRID        = OFF                                                          
RESEQGRIDMETHOD  = AUTO                                                         
RESEQSTARTGRID   = 0                                                            
RESVEC           = OFF                                                          
RESVPGF          = 1.000000E-06                                                 
RIGIDBODYMODE    = AUTO                                                         
RIGIDELEM2ELAS   = OFF                                                          
RIGIDELEMCORD    = AUTO                                                         
RIGIDELEMTYPE    = RBE                                                          
ROTINERTIA       = OFF                                                          
RSPECTRA         = OFF                                                          
RSLTDATABASE     = DELETE                                                       
RSLTFILECOMP     = OFF                                                          
SCRSPEC          = OFF                                                          
SHEARELEMTYPE    = NASTRAN                                                      
SHELLTVSMATTYPE  = FLEXIBLE                                                     
SIGMA            = 0.000000E+00                                                 
SKINGEN          = DISABLE                                                      
SLINEEDGENORMTOL = 6.000000E+01                                                 
SLINEFACENORMTOL = 3.000000E+01                                                 
SLINEKAVG        = OFF                                                          
SLINEKSFACT      = 1.000000E+00                                                 
SLINEKSFACT2TC   = OFF                                                          
SLINEMAXACTCORD  = 0                                                            
SLINEMAXACTDIR   = XYZ                                                          
SLINEMAXACTDIST  = AUTO                                                         
SLINEMAXACTRATIO = 0.000000E+00                                                 
SLINEMAXACTWIDTH = AUTO                                                         
SLINEMAXDISPTOL  = 1.000000E-04                                                 
SLINEMAXPENDIST  = AUTO                                                         
SLINEOFFSETTOL   = AUTO                                                         
SLINEOPENKSFACT  = 1.000000E-10                                                 
SLINEPENTOL      = 2.000000E-01                                                 
SLINEPOSTOL      = 1.000000E-02                                                 
SLINEPROTOL      = AUTO                                                         
SLINEPLANEZDIR   = 3                                                            
SLINESLIDETYPE   = DYNAMIC                                                      
SLINESTABKSFACT  = 0.000000E+00                                                 
SLINESTABOPTION  = 0                                                            
SLINESTRESSLOC   = MASTER                                                       
SLINEUNLOADTOL   = 1.000000E-10                                                 
SOLUTIONERROR    = OFF                                                          
SORTMODEMASS     = ON                                                           
SPARSEITERMETHOD = PRIMAL                                                       
SPARSEITERMODE   = 1                                                            
SPARSEITERTOL    = 1.000000E-06                                                 
SPARSEMETHOD     = SOLID                                                        
SPCGEN           = OFF                                                          
STIFFRATIOTOL    = 1.000000E-08                                                 
STIFFZEROTOL     = 1.000000E-15                                                 
STRENGTHRATIO    = OFF                                                          
STRESSERROR      = ON                                                           
TABS             = 0.000000E+00                                                 
TETARTOL         = 1.000000E+02                                                 
TEMPDEPCOMP      = OFF                                                          
TETEGRID         = OFF                                                          
TETFACEMAXIATOL  = 1.700000E+02                                                 
TETFACEMAXIATOL  = 1.700000E+02                                                 
TETFACEMINIATOL  = 1.000000E+01                                                 
TETFACESKEWTOL   = 8.000000E+01                                                 
TETINODE         = OFF                                                          
TETMAXEPADTOL    = 3.000000E+01                                                 
TETMINEPLRTOL    = 5.000000E-01                                                 
TETREDORD        = ON                                                           
TOPTACITERSOLTOL = 1.000000E-04                                                 
TOPTALMMETHOD    = 1                                                            
TOPTALMSPSFACT   = 5.000000E-01                                                 
TOPTBTHRESHOLD   = 5.000000E-01                                                 
TOPTCOMPINDEX    = 1.000000E+10                                                 
TOPTDATABASE     = DELETE                                                       
TOPTDEPXITER     = 1                                                            
TOPTDESIGNCONSTR = 1.000000E+10                                                 
TOPTDESIGNREGION = 1                                                            
TOPTDESIGNTOL    = -1.000000E+00                                                
TOPTDTHRESHOLD   = 1.000000E-03                                                 
TOPTELEMEXTTOL   = 1.000000E-02                                                 
TOPTELEMSYMTOL   = 1.000000E-02                                                 
TOPTGEN          = DISABLE                                                      
TOPTGLBDMETHOD   = 3                                                            
TOPTGLBSMETHOD   = 3                                                            
TOPTITERSOLMODE  = AUTO                                                         
TOPTITERTOL      = -1.000000E+00                                                
TOPTMANCONSTR    = DISABLE                                                      
TOPTMANCORD      = 0                                                            
TOPTMANDIR       = XY                                                           
TOPTMAXACTDIST   = 0.000000E+00                                                 
TOPTMAXALPHA     = AUTO                                                         
TOPTMAXBETA      = AUTO                                                         
TOPTMAXDELTAOBJ  = -1.000000E+00                                                
TOPTMAXGRAYSCALE = -1.000000E+00                                                
TOPTMAXPNORMEXP  = 0.000000E+00                                                 
TOPTMINADJVF     = 5.000000E-02                                                 
TOPTSOLACCEL     = OFF                                                          
TOPTSTRESSTOL    = 4.000000E-03                                                 
TRIARTOL         = 1.000000E+02                                                 
TRIBNDEDORD      = ON                                                           
TRIELEMTYPE      = DKT                                                          
TRIEQVLOAD       = OFF                                                          
TRIMAXEPADTOL    = 3.000000E+01                                                 
TRIMAXIATOL      = 1.700000E+02                                                 
TRIMEMREDORD     = ON                                                           
TRIMINEPLRTOL    = 5.000000E-01                                                 
TRIMINIATOL      = 1.000000E+01                                                 
TRIRNODE         = OFF                                                          
TRISKEWTOL       = 6.500000E+01                                                 
TSAI2LARC02      = ON                                                           
TSAI2MCT         = OFF                                                          
TSAI2MCTBVF      = AUTO                                                         
TSAI2MCTFVF      = AUTO                                                         
UNITS            = M---                                                         
UNRESEQGRID      = ON                                                           
VFM2ACB          = OFF                                                          
VFMADDMETHOD     = ASSEMBLY                                                     
VFMINTERACTTOL   = 1.000000E-10                                                 
VFMNORMTOL       = 3.000000E+01                                                 
USAWETSURFACE    = 0                                                            
W3               = 0.000000E+00                                                 
W4               = 0.000000E+00                                                 
WARNING          = ON                                                           
WTMASS           = 1.000000E+00                                                 
XDAMP            = ON                                                           
ZERONPDELEMMASS  = OFF                                                          
ZONADATAOUT      = OFF                                                          

DATABASE STORAGE STATISTICS                                                     

STORAGE METHOD                                                                  
                                                                                
MODEL TRANSLATION DATA        = MEMORY                                          
GRID POINT COORDINATE DATA    = MEMORY                                          
ELEMENT DIRECTION COSINE DATA = MEMORY                                          
ELEMENT STIFFNESS DATA        = DISK                                            
ELEMENT MASS DATA             = DISK                                            
GRID POINT LOAD DATA          = DISK                                            
ELEMENT LOAD DATA             = MEMORY                                          
ELEMENT RESULTS DATA          = MEMORY                                          
NEUTRAL RESULTS DATA          = MEMORY                                          

STORAGE SPACE REQUIRED                                                          
                                                                                
MODEL TRANSLATION DATA        =     552740 WORDS        4.2 MEGABYTES           
GRID POINT COORDINATE DATA    =      26649 WORDS        0.2 MEGABYTES           
ELEMENT DIRECTION COSINE DATA =      52884 WORDS        0.4 MEGABYTES           
ELEMENT STIFFNESS DATA        =          0 WORDS        0.0 MEGABYTES           
ELEMENT MASS DATA             =          0 WORDS        0.0 MEGABYTES           
GRID POINT LOAD DATA          =     293139 WORDS        2.2 MEGABYTES           
ELEMENT LOAD DATA             =     198360 WORDS        1.5 MEGABYTES           
ELEMENT RESULTS DATA          =     264420 WORDS        2.0 MEGABYTES           
OUTPUT SET DATA               =          1 WORDS        0.0 MEGABYTES           
NEUTRAL RESULTS DATA          =    1794568 WORDS       13.7 MEGABYTES           
                                                                                
TOTAL                         =      31827 WORDS       24.3 MEGABYTES           

WARNING AND ERROR MESSAGE SUMMARY                                               
                                                                                
WARNING G3015: - ELEMENT - HAS AN INTERIOR ANGLE LESS THAN -              (582) 
                                                                                

MODEL ANALYSIS TIME SUMMARY                                                     
                                                                                
TOTAL CPU TIME = 4.2 SECONDS                                                    
WALLCLOCK TIME = 5.9 SECONDS                                                    

EXECUTION TERMINATED NORMALLY                                                   
                                                                                
TOTAL WARNINGS     = 582                                                        
TOTAL FATAL ERRORS = 0                                                          
