 
                                                                        06/20/21  18:44  ADS NASTRAN VERSION 15.0.0.187  PAGE      1
 
 
 
 
 
 
 
 
                *********   *         *  ***********   *********   **********   **********   *********   *         *
               *         *  *         *       *       *         *  *         *  *           *            *       *
               *         *  *         *       *       *         *  *         *  *           *            *     *
               *         *  *         *       *       *         *  *         *  *           *            *   *
               *         *  *         *       *       *         *  *         *  *           *            * *
               ***********  *         *       *       *         *  *         *  **********   *********   *
               *         *  *         *       *       *         *  *         *  *                     *  * *
               *         *  *         *       *       *         *  *         *  *                     *  *   *
               *         *  *         *       *       *         *  *         *  *                     *  *     *
               *         *  *         *       *       *         *  *         *  *                     *  *       *
               *         *   *********        *        *********   **********   **********   *********   *         *
 
 
                     *         *   *********    *********   ***********  **********    *********   *         *
                     **        *  *         *  *                 *       *         *  *         *  **        *
                     * *       *  *         *  *                 *       *         *  *         *  * *       *
                     *  *      *  *         *  *                 *       *         *  *         *  *  *      *
                     *   *     *  *         *  *                 *       *         *  *         *  *   *     *
                     *    *    *  ***********   *********        *       **********   ***********  *    *    *
                     *     *   *  *         *            *       *       *     *      *         *  *     *   *
                     *      *  *  *         *            *       *       *      *     *         *  *      *  *
                     *       * *  *         *            *       *       *       *    *         *  *       * *
                     *        **  *         *            *       *       *        *   *         *  *        **
                     *         *  *         *   *********        *       *         *  *         *  *         *
 
 
 
 
                                                          A U T O D E S K
 
 
 
                                          REGISTERED TO:    INCAD_INVENTOR_2021_SP0
 
                                          SERIAL NUMBER:    AIX-IX86-01100-0
 
                                          PROGRAM VERSION:  15.0.0.187
 
                                          CPU VERSION:      Intel Pentium
 
                                          OS VERSION:       Windows x64
 
                                          DEVELOPED BY:     Autodesk, Inc
                                                            111 McInnis Parkway
                                                            San Rafael, CA 949033
 
                                                            Support Phone  866-487-8680
                                                            Support URL    subscription.autodesk.com
                                                            Product URL    autodesk.com/simulation-software
 
 
 
                                          Software (C) Copyright 2016
                                          Autodesk, Inc.
                                          All Rights Reserved.
 
                                          Integrated PCGLSS Solver (C) Copyright 1992-2014
                                          Computational Applications and System Integration, Inc.
 
                                          NASTRAN is a registered trademark of the National Aeronautics
 
 
 
 
 
 
                                                                        06/20/21  18:44  ADS NASTRAN VERSION 15.0.0.187  PAGE      2
 
 
 
 
 
 
 
 
                                          and Space Administration.
 
 
 
 
 
 
 
                                                                        06/20/21  18:44  ADS NASTRAN VERSION 15.0.0.187  PAGE      3
 
 
 
 
                                  M O D E L   I N I T I A L I Z A T I O N   D I R E C T I V E S
 
 
 
 
 [FILE MANAGEMENT DIRECTIVES]
 
 DATABASE         = efjwh39p2.NDB
 FILESIGNATURE    = 3E53011396
 FILEBUFFERSIZE   = 100
 FILESPEC         = C:\ProgramData\Autodesk\Nastran 2021\Temp\NDB3E53011396.TMP\
 NFILEBUFFER      = 1
 PURGE            = ON
 RSLTFILEPURGE    = ON
 
 [OUTPUT CONTROL DIRECTIVES]
 
 BULKDATAOUT      = OFF
 BULKDATASORT     = ON
 DISKSTATUS       = ON
 ELAPSEDTIME      = OFF
 FEMAPRSLTVECTID  = ON
 INCRRSLTOUT      = ON
 LEFTMARGIN       = 1
 LINE             = 75
 MEMORYSTATUS     = ON
 MODLDATAFORMAT   = 3
 MODLDATAOUT      = ON
 MODLINITOUT      = ON
 MODLSTATUS       = DISPLAY
 OUTCONTSYMBOL    = OFF
 OUTDISPGEOMMODE  = 1
 OUTDISPSETID     = 100
 OUTGRIDOFFSET    = 100000
 OUTLOADSETID     = 100
 OUTPAGEFORMAT    = OFF
 OUTSPCSETID      = 100
 OUTSTRNSETID     = 100
 OUTTEMPSETID     = 100
 OUTZEROVECT      = OFF
 PCHFILEDBLEPRCS  = OFF
 PCHFILETYPE      = NASTRAN
 RSLTFILECOMP     = AUTO
 RSLTFILEDBLEPRCS = OFF
 RSLTFILETYPE     = FEMAP BINARY
 SECONDS          = ON
 SYSTEMSTATUS     = OFF
 TRSLDISPDATA     = OFF
 TRSLDMIDATA      = OFF
 TRSLMODLDATA     = OFF
 TRSLPRESDATA     = OFF
 TRSLRBSEDATA     = OFF
 TRSLSPCDATA      = OFF
 TRSLSTRNDATA     = OFF
 TRSLTEMPDATA     = OFF
 XYPLOTCSVOUT     = OFF
 
 [MEMORY MANAGEMENT DIRECTIVES]
 
 MAXRAM           = 0
 MINRAM           = 0
 RAM              = 0
 RESERVEDRAM      = 0
 
 
 
 
 
 
 
                                                                        06/20/21  18:44  ADS NASTRAN VERSION 15.0.0.187  PAGE      4
 
 
 
 
                                  M O D E L   I N I T I A L I Z A T I O N   D I R E C T I V E S
 
 
 
 [PROGRAM CONTROL DIRECTIVES]
 
 DECOMPAUTOSIZE   = 50000
 DECOMPMETHOD     = AUTO
 DYNRSLTMETHOD    = AUTO
 EXTRACTAUTOSIZE  = 10000
 EXTRACTMETHOD    = AUTO
 GPWEIGHTMETHOD   = AUTO
 LICENSEMANAGER   = ADLM
 RESTART          = OFF
 RSPECDISPMETHOD  = NODAL
 RSPECVECTMETHOD  = ON
 SHELLEGRID       = OFF
 SOLIDEGRID       = OFF
 WAITFORLICENSE   = 3
 
 
 
 
 
 
 
 
                                                                        06/20/21  18:44  ADS NASTRAN VERSION 15.0.0.187  PAGE      5
 
 
 
 
                         S U B C A S E   C O N S T R A I N T   A N D   L O A D   S E T   D E F I N I T I O N
 
    SUBCASE                                LABEL                               CONSTRAINT SET IDS             LOAD SET IDS
      ID                                                                         SPC        MPC       LOAD      DEFORM   TEMPERATURE
        1     SUBCASE 1                                                            1       NONE          1       NONE       NONE
 
 
 
 
 
 
 
 
                                                                        06/20/21  18:44  ADS NASTRAN VERSION 15.0.0.187  PAGE      6
 
 
 
 
                          R E C T A N G U L A R   C O O R D I N A T E   S Y S T E M   D E F I N I T I O N
 
  COORDINATE   ORIGIN COORDINATES          X-AXIS DIRECTION COSINES       Y-AXIS DIRECTION COSINES       Z-AXIS DIRECTION COSINES
      ID     X1        X2        X3         V1        V2        V3         V1        V2        V3         V1        V2        V3
        1 0.000E+00 0.000E+00 0.000E+00  1.000E+00 0.000E+00 0.000E+00  0.000E+00 1.000E+00 0.000E+00  0.000E+00 0.000E+00 1.000E+00
        2 0.000E+00 0.000E+00 0.000E+00  1.000E+00 0.000E+00 0.000E+00  0.000E+00 1.000E+00 0.000E+00  0.000E+00 0.000E+00 1.000E+00
        3 1.000E+02 2.000E+01 5.198E+02 -1.000E+00 0.000E+00 0.000E+00  0.000E+00 1.000E+00 0.000E+00  0.000E+00 0.000E+00-1.000E+00
        4 1.000E+02 2.000E+01-1.152E+02 -1.000E+00 0.000E+00 0.000E+00  0.000E+00 1.000E+00 0.000E+00  0.000E+00 0.000E+00-1.000E+00
        5-2.500E+02 2.000E+01 1.155E+03  0.000E+00 0.000E+00-1.000E+00  0.000E+00 1.000E+00 0.000E+00  1.000E+00 0.000E+00 0.000E+00
        6-2.501E+02 2.000E+01 7.498E+02  0.000E+00 0.000E+00-1.000E+00  0.000E+00 1.000E+00 0.000E+00  1.000E+00 0.000E+00 0.000E+00
        7-2.501E+02 2.000E+01 5.198E+02  0.000E+00 0.000E+00-1.000E+00  0.000E+00 1.000E+00 0.000E+00  1.000E+00 0.000E+00 0.000E+00
        8 2.499E+02 2.000E+01 1.148E+02  0.000E+00 0.000E+00 1.000E+00  0.000E+00 1.000E+00 0.000E+00 -1.000E+00 0.000E+00 0.000E+00
        9 2.499E+02 2.000E+01-1.152E+02  0.000E+00 0.000E+00 1.000E+00  0.000E+00 1.000E+00 0.000E+00 -1.000E+00 0.000E+00 0.000E+00
       10 2.499E+02 2.000E+01-5.202E+02  0.000E+00 0.000E+00 1.000E+00  0.000E+00 1.000E+00 0.000E+00 -1.000E+00 0.000E+00 0.000E+00
       11 2.499E+02 2.000E+01-7.502E+02  0.000E+00 0.000E+00 1.000E+00  0.000E+00 1.000E+00 0.000E+00 -1.000E+00 0.000E+00 0.000E+00
       12 2.500E+02 2.000E+01-1.155E+03  0.000E+00 0.000E+00 1.000E+00  0.000E+00 1.000E+00 0.000E+00 -1.000E+00 0.000E+00 0.000E+00
       13-2.500E+02 2.000E+01-1.155E+03  1.000E+00 0.000E+00-1.000E-12  0.000E+00 1.000E+00 0.000E+00  1.000E-12 0.000E+00 1.000E+00
       14 2.500E+02 2.000E+01 1.155E+03 -1.000E+00 0.000E+00 0.000E+00  0.000E+00 1.000E+00 0.000E+00  0.000E+00 0.000E+00-1.000E+00
       15 0.000E+00 0.000E+00 0.000E+00  1.000E+00 0.000E+00 0.000E+00  0.000E+00 1.000E+00 0.000E+00  0.000E+00 0.000E+00 1.000E+00
 
 
 
 
 
 
 
 
                                                                        06/20/21  18:44  ADS NASTRAN VERSION 15.0.0.187  PAGE      7
 
 
 
 
                                    B A R   E L E M E N T   P R O P E R T Y   D E F I N I T I O N
 
   PROPERTY     MATERIAL         AREA          I1           I2          I12            J           K1           K2           NSM
      ID           ID
        1            1         7.805E+02    5.749E+05    5.749E+05    2.049E-10    9.266E+05    4.361E-01    4.361E-01    0.000E+00
        2            1         7.805E+02    5.749E+05    5.749E+05    2.049E-10    9.266E+05    4.361E-01    4.361E-01    0.000E+00
        3            2         3.735E+02    1.414E+05    1.414E+05   -6.343E-11    2.268E+05    4.347E-01    4.347E-01    0.000E+00
        4            2         3.735E+02    1.414E+05    1.414E+05   -6.343E-11    2.268E+05    4.347E-01    4.347E-01    0.000E+00
        5            2         3.735E+02    1.414E+05    1.414E+05   -6.343E-11    2.268E+05    4.347E-01    4.347E-01    0.000E+00
        6            2         3.735E+02    1.414E+05    1.414E+05   -6.343E-11    2.268E+05    4.347E-01    4.347E-01    0.000E+00
        7            2         3.735E+02    1.414E+05    1.414E+05   -6.343E-11    2.268E+05    4.347E-01    4.347E-01    0.000E+00
        8            2         3.735E+02    1.414E+05    1.414E+05   -6.343E-11    2.268E+05    4.347E-01    4.347E-01    0.000E+00
        9            2         3.735E+02    1.414E+05    1.414E+05   -6.343E-11    2.268E+05    4.347E-01    4.347E-01    0.000E+00
       10            2         3.735E+02    1.414E+05    1.414E+05   -6.343E-11    2.268E+05    4.347E-01    4.347E-01    0.000E+00
       11            2         3.735E+02    1.414E+05    1.414E+05   -6.343E-11    2.268E+05    4.347E-01    4.347E-01    0.000E+00
       12            2         3.735E+02    1.414E+05    1.414E+05   -6.343E-11    2.268E+05    4.347E-01    4.347E-01    0.000E+00
 
 
 
 
 
 
 
 
                                                                        06/20/21  18:44  ADS NASTRAN VERSION 15.0.0.187  PAGE      8
 
 
 
 
                                      I S O T R O P I C   M A T E R I A L   D E F I N I T I O N
 
   MATERIAL           E            G           NU           RHO         ALPHA        T-REF
      ID
        1         2.000E+05    7.692E+04    3.000E-01    7.850E-09    1.200E-05    0.000E+00
        2         2.000E+05    7.692E+04    3.000E-01    7.850E-09    1.200E-05    0.000E+00
 
 
 
 
 
 
 
 
                                                                        06/20/21  18:44  ADS NASTRAN VERSION 15.0.0.187  PAGE      9
 
 
 
 
                              S U B C A S E   V E C T O R   O U T P U T   S E T   D E F I N I T I O N
 
    SUBCASE          LOAD         DISPLACEMENT       VELOCITY       ACCELERATION       SPC FORCE        MPC FORCE
      ID            VECTOR           VECTOR           VECTOR           VECTOR           VECTOR           VECTOR
        1            NONE              ALL             NONE             NONE              ALL             NONE
 
 
 
 
 
 
 
 
                                                                        06/20/21  18:44  ADS NASTRAN VERSION 15.0.0.187  PAGE     10
 
 
 
 
                             S U B C A S E   E L E M E N T   O U T P U T   S E T   D E F I N I T I O N
 
    SUBCASE         ELEMENT          ELEMENT          ELEMENT          ELEMENT
      ID             FORCE           STRESS           STRAIN        STRAIN ENERGY
        1            NONE              ALL             NONE             NONE
 
 
 
 
 
 
 
 
                                                                        06/20/21  18:44  ADS NASTRAN VERSION 15.0.0.187  PAGE     11
 
 
 
 
                                S U B C A S E   G R I D   O U T P U T   S E T   D E F I N I T I O N
 
    SUBCASE        GRID POINT      GRID POINT       GRID POINT    GRID POINT STRESS
      ID             FORCE           STRESS           STRAIN        DISCONTINUITY
        1            NONE             NONE             NONE             NONE
 
 
 
 
 
 
 
 
                                                                        06/20/21  18:44  ADS NASTRAN VERSION 15.0.0.187  PAGE     12
 
 
 
 
                    B A R   E L E M E N T   S T R E S S   R E C O V E R Y   P R O P E R T Y   D E F I N I T I O N
 
   PROPERTY          C1           C2           D1           D2           E1           E2           F1           F2
      ID
        1         3.324E+01    3.324E+01   -3.324E+01    3.324E+01   -3.324E+01   -3.324E+01    3.324E+01   -3.324E+01
        2         3.324E+01    3.324E+01   -3.324E+01    3.324E+01   -3.324E+01   -3.324E+01    3.324E+01   -3.324E+01
        3         2.383E+01    2.383E+01   -2.383E+01    2.383E+01   -2.383E+01   -2.383E+01    2.383E+01   -2.383E+01
        4         2.383E+01    2.383E+01   -2.383E+01    2.383E+01   -2.383E+01   -2.383E+01    2.383E+01   -2.383E+01
        5         2.383E+01    2.383E+01   -2.383E+01    2.383E+01   -2.383E+01   -2.383E+01    2.383E+01   -2.383E+01
        6         2.383E+01    2.383E+01   -2.383E+01    2.383E+01   -2.383E+01   -2.383E+01    2.383E+01   -2.383E+01
        7         2.383E+01    2.383E+01   -2.383E+01    2.383E+01   -2.383E+01   -2.383E+01    2.383E+01   -2.383E+01
        8         2.383E+01    2.383E+01   -2.383E+01    2.383E+01   -2.383E+01   -2.383E+01    2.383E+01   -2.383E+01
        9         2.383E+01    2.383E+01   -2.383E+01    2.383E+01   -2.383E+01   -2.383E+01    2.383E+01   -2.383E+01
       10         2.383E+01    2.383E+01   -2.383E+01    2.383E+01   -2.383E+01   -2.383E+01    2.383E+01   -2.383E+01
       11         2.383E+01    2.383E+01   -2.383E+01    2.383E+01   -2.383E+01   -2.383E+01    2.383E+01   -2.383E+01
       12         2.383E+01    2.383E+01   -2.383E+01    2.383E+01   -2.383E+01   -2.383E+01    2.383E+01   -2.383E+01
 
 
 
 
 
 
 
 
                                                                        06/20/21  18:44  ADS NASTRAN VERSION 15.0.0.187  PAGE     13
 
 
 
 
                                         M O D E L   P A R A M E T E R   D E F I N I T I O N
 
 
 
 
 
 
 ELEMENT LOAD VECTOR FORMULATION PARAMETERS
 
 BAR ELEMENT EQUIVALENT LOAD VECTOR FORMULATION    = ON
 
 
 
 MODEL SOLUTION SEQUENCE PARAMETERS
 
 STIFFNESS MATRIX AUTOMATIC SINGLE POINT CONSTRAINT                                = ON
 STIFFNESS MATRIX DIAGONAL RATIO TOLERANCE FOR AUTOMATIC SINGLE POINT CONSTRAINT   = 1.000000E-08
 STIFFNESS MATRIX FACTOR DIAGONAL RATIO TOLERANCE FOR MECHANISM DETECTION          = 1.000000E+05
 FLOATING POINT PRECISION CONSTANT FOR STIFFNESS MATRIX FACTORIZATION              = 1.000000E-15
 MODEL RESULTS FLOATING POINT ZERO TOLERANCE                                       = 1.000000E-15
 
 
 
 
 
 
 
                                                                        06/20/21  18:44  ADS NASTRAN VERSION 15.0.0.187  PAGE     14
 
 
 
 
                                                M O D E L   D A T A B A S E   S I Z E
 
 
 
 
 MODEL DATABASE SIZE
 
 SUBCASES                     =        1
 COORDINATE SYSTEMS           =       15
 GRID POINTS                  =       78
 ELEMENTS                     =       79
 ELEMENT PROPERTIES           =       12
 MATERIAL PROPERTIES          =        2
 SINGLE POINT CONSTRAINTS     =       20
 GRID POINT FORCES            =       46
 SETS                         =        1
 
 
 
 
 
 
 
                                                                        06/20/21  18:44  ADS NASTRAN VERSION 15.0.0.187  PAGE     15
 
 
 
 
 
 
 
 
 
 MODEL SIZE    =         468 DEGREES OF FREEDOM
 MATRIX SIZE   =      104482 WORDS        0.8 MEGABYTES
 SEMIBANDWIDTH =          23 WORDS
 
 GLOBAL STIFFNESS MATRIX ASSEMBLY STATISTICS
 
 SPARSE MATRIX SIZE =     104482 WORDS        0.8 MEGABYTES
 MEMORY ALLOCATED   =     156723 WORDS        1.2 MEGABYTES
 
 MAXIMUM GLOBAL STIFFNESS MATRIX TERM ZEROED =  9.9532E-16
 MINIMUM GLOBAL STIFFNESS MATRIX TERM ZEROED =  0.0000E+00
 REDUCTION IN GLOBAL STIFFNESS MATRIX SIZE   =  1.53 PERCENT
 
 ASSEMBLY TIME FOR 79 ELEMENTS = 0.0 SECONDS
 
 
 
 
 
 
 
                                                                        06/20/21  18:44  ADS NASTRAN VERSION 15.0.0.187  PAGE     16
 
 
 
 
                                          G R I D   P O I N T   W E I G H T   O U T P U T
 
 
 
 
                                                          REFERENCE POINT = 0
 
                                                                 M O
                         4.240994E-02  0.000000E+00  0.000000E+00  0.000000E+00 -6.617916E-03 -8.481989E-01
                         0.000000E+00  4.240994E-02  0.000000E+00  6.617916E-03  0.000000E+00  2.369906E-01
                         0.000000E+00  0.000000E+00  4.240994E-02  8.481989E-01 -2.369906E-01  0.000000E+00
                         0.000000E+00  6.617916E-03  8.481989E-01  1.935873E+04 -4.739813E+00  3.698144E-02
                        -6.617916E-03  0.000000E+00 -2.369906E-01 -4.739813E+00  2.140999E+04  1.323583E-01
                        -8.481989E-01  2.369906E-01  0.000000E+00  3.698144E-02  1.323583E-01  2.085182E+03
 
 
                                                                  S
                                              1.000000E+00  0.000000E+00  0.000000E+00
                                              0.000000E+00  1.000000E+00  0.000000E+00
                                              0.000000E+00  0.000000E+00  1.000000E+00
 
 
                              DIRECTION                                        CENTER OF MASS
                         MASS AXIS SYSTEM (S)     MASS                 X             Y             Z
                                  X           4.240994E-02        0.00000E+00   2.00000E+01  -1.56046E-01
                                  Y           4.240994E-02        5.58809E+00   0.00000E+00  -1.56046E-01
                                  Z           4.240994E-02        5.58809E+00   2.00000E+01   0.00000E+00
 
 
                                                                 I(S)
                                              1.934177E+04  6.720955E-14  7.741986E-08
                                              6.720955E-14  2.140866E+04  1.291501E-14
                                              7.741986E-08  1.291501E-14  2.066893E+03
 
 
                                                                 I(Q)
                                              1.934177E+04
                                                            2.140866E+04
                                                                          2.066893E+03
 
 
                                                                  Q
                                             -1.000000E+00  0.000000E+00 -4.481645E-12
                                              0.000000E+00 -1.000000E+00  0.000000E+00
                                              4.481645E-12  0.000000E+00 -1.000000E+00
 
 
 
 
 
 
 
                                                                        06/20/21  18:44  ADS NASTRAN VERSION 15.0.0.187  PAGE     17
 
 
 
 
                                                    P A R T   D E F I N I T I O N
 
   PROPERTY     MATERIAL       PROPERTY           BOUNDING DIMENSIONS                MASS       VOLUME          GRID      ELEMENTS
      ID           ID            TYPE          D1          D2          D3                                      POINTS
        1            1            BAR      0.0000E+00  0.0000E+00  2.3100E+03     1.4153E-02  1.8029E+06          19           18
        2            1            BAR      0.0000E+00  0.0000E+00  2.3100E+03     1.4153E-02  1.8029E+06          18           17
        3            2            BAR      5.0000E+02  0.0000E+00  0.0000E+00     1.4662E-03  1.8677E+05           5            4
        4            2            BAR      5.0000E+02  0.0000E+00  0.0000E+00     1.4662E-03  1.8677E+05           6            5
        5            2            BAR      5.0000E+02  0.0000E+00  0.0000E+00     1.4662E-03  1.8677E+05           6            5
        6            2            BAR      0.0000E+00  0.0000E+00  4.0500E+02     1.1876E-03  1.5129E+05           4            3
        7            2            BAR      5.0000E+02  0.0000E+00  0.0000E+00     1.4662E-03  1.8677E+05           6            5
        8            2            BAR      5.0000E+02  0.0000E+00  0.0000E+00     1.4662E-03  1.8677E+05           6            5
        9            2            BAR      5.0000E+02  0.0000E+00  0.0000E+00     1.4662E-03  1.8677E+05           6            5
       10            2            BAR      5.0000E+02  0.0000E+00  0.0000E+00     1.4662E-03  1.8677E+05           6            5
       11            2            BAR      5.0000E+02  0.0000E+00  0.0000E+00     1.4662E-03  1.8677E+05           5            4
       12            2            BAR      0.0000E+00  0.0000E+00  4.0500E+02     1.1876E-03  1.5129E+05           4            3
 
 
    TOTAL                                  5.0006E+02  0.0000E+00  2.3100E+03     4.2410E-02  5.4025E+06          91           79
 
 
 
 
 
 
 
 
                                                                        06/20/21  18:44  ADS NASTRAN VERSION 15.0.0.187  PAGE     18
 
 
 SUBCASE 1                                                           SUBCASE 1
 
 
 
 
 
 
 
 
 
 MAXIMUM STIFFNESS MATRIX DIAGONAL =  1.5739E+15  AT GRID 14 COMPONENT 3
 MINIMUM STIFFNESS MATRIX DIAGONAL =  1.0066E+05  AT GRID 68 COMPONENT 3
 
 
 
 
 
 
 
                                                                        06/20/21  18:44  ADS NASTRAN VERSION 15.0.0.187  PAGE     19
 
 
 SUBCASE 1                                                           SUBCASE 1
 
 
 
 
 
 
 THE FOLLOWING DEGREES OF FREEDOM HAVE FACTOR DIAGONAL RATIOS GREATER THAN  1.000000E+05
 OR HAVE NEGATIVE TERMS ON THE FACTOR DIAGONAL
 
    GRID ID                COMPONENT        FACTOR DIAGONAL RATIO           MATRIX DIAGONAL
        14                     2                 1.681731E+09                 1.57386E+15
         6                     2                 1.681731E+09                 1.57386E+15
        14                     3                 8.990009E+08                 1.57386E+15
         6                     3                 8.990009E+08                 1.57386E+15
        16                     2                 2.764558E+09                 1.57386E+15
         4                     2                 2.765984E+09                 1.57386E+15
        16                     3                 1.120160E+09                 1.57386E+15
         4                     3                 1.120148E+09                 1.57386E+15
 
 GLOBAL STIFFNESS MATRIX FACTORIZATION STATISTICS
 
 NUMBER OF NEGATIVE TERMS ON FACTOR DIAGONAL = 0
 MAXIMUM MATRIX FACTOR DIAGONAL RATIO = 2.766E+09 AT GRID 4 COMPONENT 2
 
 REORDERING METHOD REQUESTED = AUTO
 REORDERING METHOD USED      = VRM1
 
 FACTORED SPARSE MATRIX SIZE =         105611 WORDS        0.8 MEGABYTES
 ADDITIONAL MEMORY ALLOCATED =         266849 WORDS        2.0 MEGABYTES
 
 FACTORIZATION TIME FOR 105611 WORDS = 0.0 SECONDS
 
 
 
 
 
 
 
                                                                        06/20/21  18:44  ADS NASTRAN VERSION 15.0.0.187  PAGE     20
 
 
 
 
                                            L O A D   V E C T O R   R E S U L T A N T
 
    SUBCASE         T1            T2            T3            R1            R2            R3
      ID
        1      0.000000E+00 -5.518898E+03  0.000000E+00 -8.761411E+02  0.000000E+00  3.151990E+02
 
 
 
 
 
 
 
                                                                        06/20/21  18:44  ADS NASTRAN VERSION 15.0.0.187  PAGE     21
 
 
 
 
                           S I N G L E   P O I N T   C O N S T R A I N T   V E C T O R   R E S U L T A N T
 
    SUBCASE         T1            T2            T3            R1            R2            R3
      ID
        1      9.309303E-11  5.519113E+03 -9.108756E-04  8.122091E+02 -2.714180E-01 -3.688745E+02
 
 
 
 
 
 
 
                                                                        06/20/21  18:44  ADS NASTRAN VERSION 15.0.0.187  PAGE     22
 
 
 
 
                             M U L T I P O I N T   C O N S T R A I N T   V E C T O R   R E S U L T A N T
 
    SUBCASE         T1            T2            T3            R1            R2            R3
      ID
        1      0.000000E+00  0.000000E+00  0.000000E+00  0.000000E+00  0.000000E+00  0.000000E+00
 
 
 
 
 
 
 
                                                                        06/20/21  18:44  ADS NASTRAN VERSION 15.0.0.187  PAGE     23
 
 
 
 
                                            M A X I M U M   A P P L I E D   L O A D S
 
    SUBCASE         T1            T2            T3            R1            R2            R3
      ID
        1      0.000000E+00  1.839000E+02  0.000000E+00  0.000000E+00  0.000000E+00  0.000000E+00
 
 
 
 
 
 
 
                                                                        06/20/21  18:44  ADS NASTRAN VERSION 15.0.0.187  PAGE     24
 
 
 
 
                                            M A X I M U M   D I S P L A C E M E N T S
 
    SUBCASE         T1            T2            T3            R1            R2            R3
      ID
        1      3.335905E-08  3.048946E+00  2.667858E-08  2.402078E-03  5.594521E-11  3.150356E-03
 
 
 
 
 
 
 
                                                                        06/20/21  18:44  ADS NASTRAN VERSION 15.0.0.187  PAGE     25
 
 
 
 
                          M A X I M U M   F O R C E S   O F   S I N G L E   P O I N T   C O N S T R A I N T
 
    SUBCASE         T1            T2            T3            R1            R2            R3
      ID
        1      8.782595E-05  2.477952E+03  2.695086E-03  3.023094E+05  1.116073E-02  3.515065E+05
 
 
 
 
 
 
 
                                                                        06/20/21  18:44  ADS NASTRAN VERSION 15.0.0.187  PAGE     26
 
 
 
 
                                   I N T E R N A L   L O A D   V E C T O R   R E S U L T A N T
 
    SUBCASE         T1            T2            T3            R1            R2            R3
      ID
        1      0.000000E+00  0.000000E+00  0.000000E+00  0.000000E+00  0.000000E+00  0.000000E+00
 
 
 
 
 
 
 
                                                                        06/20/21  18:44  ADS NASTRAN VERSION 15.0.0.187  PAGE     27
 
 
 
 
                                      A N A L Y S I S   D I R E C T I V E   D E F I N I T I O N
 
 
 
 BUFFEREDDECKREAD = ON
 BULKDATAOUT      = OFF
 BULKDATASORT     = ON
 DATABASE         = efjwh39p2.NDB
 DECOMPAUTOSIZE   = 50000
 DECOMPMETHOD     = VSS
 DISKSTATUS       = ON
 DYNRSLTMETHOD    = AUTO
 ELAPSEDTIME      = OFF
 EXTRACTAUTOSIZE  = 10000
 EXTRACTMETHOD    = SUBSPACE
 FEMAPRSLTVECTID  = ON
 FILEBUFFERSIZE1  = 100
 FILEBUFFERSIZE2  = 100
 FILEBUFFERSIZE3  = 100
 FILEBUFFERSIZE4  = 100
 FILESIGNATURE    = 3E53011396
 FILESPEC1        = C:\ProgramData\Autodesk\Nastran 2021\Temp\NDB3E53011396.TMP\
 FILESPEC2        = C:\ProgramData\Autodesk\Nastran 2021\Temp\NDB3E53011396.TMP\
 FILESPEC3        = C:\ProgramData\Autodesk\Nastran 2021\Temp\NDB3E53011396.TMP\
 FILESPEC4        = C:\ProgramData\Autodesk\Nastran 2021\Temp\NDB3E53011396.TMP\
 GPWEIGHTMETHOD   = VECTOR
 INCRGEOMOUT      = OFF
 INCRRSLTOUT      = OFF
 INMEMORYIO       = ON
 LEFTMARGIN       = 1
 LICENSEMANAGER   = ADLM
 LINE             = 75
 MAXRAM           = 0
 MEMORYSTATUS     = ON
 MINRAM           = 0
 MODLDATAFORMAT   = 3
 MODLDATAOUT      = ON
 MODLINITOUT      = ON
 MODLSTATUS       = DISPLAY
 NDISKS           = 1
 NFILEBUFFER1     = 1
 NFILEBUFFER2     = 1
 NFILEBUFFER3     = 1
 NFILEBUFFER4     = 1
 NPROCESSORS      = 4
 PROCESSPRIORITY  = NORMAL
 OPTIMIZESETTINGS = NONE
 OUTCONTSYMBOL    = OFF
 OUTDISPGEOMMODE  = 1
 OUTDISPSETID     = 100
 OUTLOADSETID     = 100
 OUTPAGEFORMAT    = OFF
 OUTGRIDOFFSET    = 100000
 OUTSPCSETID      = 100
 OUTSTRNSETID     = 100
 OUTTEMPSETID     = 100
 OUTZEROVECT      = OFF
 PCHFILEDBLEPRCS  = OFF
 PCHFILETYPE      = NASTRAN
 PURGE            = ON
 RAM              = 12984
 RESERVEDRAM      = 0
 RESTART          = OFF
 RSLTFILEDBLEPRCS = OFF
 
 
 
 
 
 
                                                                        06/20/21  18:44  ADS NASTRAN VERSION 15.0.0.187  PAGE     28
 
 
 
 
                                      A N A L Y S I S   D I R E C T I V E   D E F I N I T I O N
 
 
 
 RSLTFILEFORMAT   = PLATFORM
 RSLTFILEPURGE    = ON
 RSLTFILETYPE     = FEMAP BINARY
 RSLTLABEL        = 1
 RSPECDISPMETHOD  = NODAL
 RSPECVECTMETHOD  = OFF
 SECONDS          = ON
 OUTGEOMFILETYPE  = 2
 SYSTEMSTATUS     = OFF
 TOPTENGINE       = AUTO
 TRSLDDAMDATA     = OFF
 TRSLDFGMDATA     = OFF
 TRSLDISPDATA     = OFF
 TRSLDMIDATA      = OFF
 TRSLLOADDATA     = OFF
 TRSLMODLDATA     = OFF
 TRSLPRESDATA     = OFF
 TRSLRBSEDATA     = OFF
 TRSLSPCDATA      = OFF
 TRSLSTRNDATA     = OFF
 TRSLTEMPDATA     = OFF
 TRSLTOQEDATA     = OFF
 SHELLEGRID       = OFF
 SOLIDEGRID       = OFF
 WAITFORLICENSE   = 3
 XYPLOTCSVOUT     = OFF
 
 
 
 
 
 
 
                                                                        06/20/21  18:44  ADS NASTRAN VERSION 15.0.0.187  PAGE     29
 
 
 
 
                                      A N A L Y S I S   P A R A M E T E R   D E F I N I T I O N
 
 
 
 ACBPRESSET       = 0
 ACBREFPRES       = 0.000000E+00
 ACBVC            = 0.000000E+00
 ADAPTLNCONTACT   = AUTO
 ADAPTTIMESTEP    = OFF
 ADDNLTOQUADLOAD  = OFF
 ADDPRESTRESS     = ON
 ADDPSDAFREQ      = OFF
 ALIGNEDGENODE    = OFF
 ALPHA            = 0.000000E+00
 ALTFAILINDEXFORM = OFF
 AUTOBPD          = OFF
 AUTOCORDROTATE   = ON
 AUTOFIXELEMGEOM  = ON
 AUTOFIXRIGIDELEM = ON
 AUTOFIXRIGIDSPC  = OFF
 AUTOSPC          = ON
 BARDKMETHOD      = BOTH
 BAREQVLOAD       = ON
 BETA             = 0.000000E+00
 BISECT           = ON
 BOLTPRELOADTOL   = 0.000000E+00
 BPDEFDIAG        = 0.000000E+00
 CB1              = 1.000000E+00
 CB2              = 1.000000E+00
 CK1              = 1.000000E+00
 CK2              = 1.000000E+00
 CLOSE            = 1.000000E+00
 CM1              = 1.000000E+00
 CM2              = 1.000000E+00
 COMPE1RSF        = DISABLE
 COMPE2RSF        = DISABLE
 COMPE3RSF        = DISABLE
 COMPG12RSF       = DISABLE
 COMPG23RSF       = DISABLE
 COMPG31RSF       = DISABLE
 COMPILSMETHOD    = COMPONENT
 COMPK1           = AUTO
 COMPK2           = AUTO
 COMPRSLTOUT      = ON
 CONTACTGEN       = DISABLE
 CONTACTTOL       = AUTO
 CONTACTSTAB      = OFF
 CONVMATRIX       = OFF
 COUPMASS         = OFF
 CP1              = 1.000000E+00
 CP2              = 1.000000E+00
 CYSYMGEN         = 0
 CYSYMTOL         = 1.000000E-10
 DATABASEACCEL    = ON
 DDAMPHASE        = 0
 DELTASTRAINEGOUT = OFF
 DFREQ            = 1.000000E-05
 DIRSTRESSTYPE    = 0
 DISPGEOMSFACT    = 1.000000E+00
 DMILABEL         =
 DMIPDIAG         = OFF
 DYNLMDIRECTDIF   = OFF
 DYNRESPEIGVOUT   = OFF
 DYNSOLACCEL      = ON
 
 
 
 
 
 
                                                                        06/20/21  18:44  ADS NASTRAN VERSION 15.0.0.187  PAGE     30
 
 
 
 
                                      A N A L Y S I S   P A R A M E T E R   D E F I N I T I O N
 
 
 
 DYNSOLDIRECTINT  = ON
 DYNSOLRELGRID    = 0
 EDGENODETOL      = AUTO
 EIGENFLEXFREQ    = 1.000000E-01
 EIGENSHIFTSFACT  = 1.000000E+04
 EIGENSOLACCEL    = ON
 ELEMGEOMCHECKS   = OFF
 ELEMGEOMFATAL    = OFF
 ELEMGEOMOUT      = OFF
 ELEMRSLTCORD     = MATERIAL
 ELEMRSLTMAXTYPE  = MAXCORNER
 EMODES           = 30
 ENHCBARRSLT      = OFF
 ENHCCONTACTRSLT  = OFF
 ENHCQUADRSLT     = OFF
 EPSILONFLOAT     = 1.000000E-15
 EQVSTRESSTYPE    = 0
 FACTDIAG         = 1.000000E-10
 FACTRATIOTOL     = 1.000000E+05
 FIXNLTOQUAD      = ON
 FLOATINZERO      = 1.000000E-15
 FLOATOUTZERO     = 1.000000E-15
 FREQRESPRSLTINCR = 10
 FREQRESPRSLTOUT  = ON
 G                = 0.000000E+00
 GPFORCEMETHOD    = NASTRAN
 GPRSLTAVEMETHOD  = INVARIANT
 GPSTRESS         = OFF
 GPWEIGHT         = ON
 GRDPNT           = 0
 GRIDCOLTOL       = 0.000000E+00
 GRIDTEMPASGN     = OFF
 GRIDTEMPAVE      = OFF
 HEXARTOL         = 1.000000E+02
 HEXENODE         = OFF
 HEXFACEMAXIATOL  = 1.650000E+02
 HEXFACEMINIATOL  = 2.500000E+01
 HEXFACESKEWTOL   = 6.500000E+01
 HEXFACETAPERTOL  = 7.500000E-01
 HEXFACEWARPTOL   = 4.500000E+01
 HEXINODE         = OFF
 HEXMAXEPADTOL    = 3.000000E+01
 HEXMINEPLRTOL    = 5.000000E-01
 HEXREDORD        = ON
 HFREQ            = 1.000000E+30
 HPNLMATREDORD    = AUTO
 HPNLMATSFACT     = AUTO
 INERTIALRELIEF   = OFF
 INITSLINEKSFACT  = 1.000000E-02
 INITSTRAINSFACT  = 1.000000E+00
 J4ROT            = AUTO
 KDAMP            = 1
 K6ROT            = 1.000000E+02
 KRIGIDELEM       = 4.727012E+09
 LANCZOSVECT      = OFF
 LANGLE           = GIMBAL
 LARC02TSAITOL    = 2.000000E+00
 LFREQ            = 0.000000E+00
 LGDISP           = 0
 LINEARCONTACT    = OFF
 
 
 
 
 
 
                                                                        06/20/21  18:44  ADS NASTRAN VERSION 15.0.0.187  PAGE     31
 
 
 
 
                                      A N A L Y S I S   P A R A M E T E R   D E F I N I T I O N
 
 
 
 LMODES           = 0
 LNCONTACTITERTOL = 1.000000E-02
 M6ROT            = 0.000000E+00
 MAXADJEDGE       = 100
 MAXBISECTRESTART = OFF
 MAXEIGENRESTART  = 5
 MAXELEMGEOMMSG   = 10000
 MAXIMPACTSTEP    = 0
 MAXINCREFSTRAINP = AUTO
 MAXLNCONTACTITER = -1
 MAXITERRESTART   = 0
 MAXSPARSEITER    = AUTO
 MAXSRITER        = 100
 MAXTOPTITER      = 200
 MECHSTRAIN       = OFF
 MINSPARSEITER    = 50
 MODALDATABASE    = DELETE
 MODEFSPCSTORE    = ON
 MODEPFACTOR      = ON
 MODEVAROUT       = OFF
 NBEAMINTNODE     = 2
 NCBMODE          = 1
 NCONTACTGEOMITER = 1
 NDAMP            = 1.000000E-02
 NITERCUPDATE     = AUTO
 NITERKSUPDATE    = 3
 NITERLCUPDATE    = 10
 NITERMUPDATE     = 3
 NITERPFUPDATE    = 1
 NITERSUPDATE     = 8
 NLAYERS          = 1
 NLCOMPPLYFAIL    = OFF
 NLINDATABASE     = DELETE
 NLINDATALOADSF   = AUTO
 NLINSOLACCEL     = 4
 NLINSOLTOL       = 2
 NLKDIAGAFACT     = 0.000000E+00
 NLKDIAGCOMP      = 123456
 NLKDIAGMINAFACT  = 0.000000E+00
 NLKDIAGSET       = 0
 NLLSSTRAINTYPE   = LOG
 NLLSSTRESSTYPE   = CAUCHY
 NLMATSFACT       = AUTO
 NLMATTABLGEN     = 0.000000E+00
 NLNPDKRESET      = OFF
 NLSUBCREINIT     = OFF
 NLTOL            = 2
 NLTOQUAD         = ON
 NLTRUESTRESS     = OFF
 NOCOMPS          = OFF
 NRBCHECKMODES    = 0
 NSUBINCRBISECT   = 200
 NTOPTSTRESSDIV   = -1
 OPTION           = ABS
 OUTSETTOL        = 1.000000E-05
 PARTGEOMOUT      = ON
 PARTMASSOUT      = OFF
 PCGLSSDMI        = OFF
 PENTARTOL        = 1.000000E+02
 PENTEGRID        = OFF
 
 
 
 
 
 
                                                                        06/20/21  18:44  ADS NASTRAN VERSION 15.0.0.187  PAGE     32
 
 
 
 
                                      A N A L Y S I S   P A R A M E T E R   D E F I N I T I O N
 
 
 
 PENTFACEMAXIATOL = 1.650000E+02
 PENTFACEMINIATOL = 2.500000E+01
 PENTFACESKEWTOL  = 6.500000E+01
 PENTFACETAPERTOL = 7.500000E-01
 PENTFACEWARPTOL  = 4.500000E+01
 PENTMAXEPADTOL   = 3.000000E+01
 PENTMINEPLRTOL   = 5.000000E-01
 PENTREDORD       = ON
 PRGPST           = ON
 PYRARTOL         = 1.000000E+02
 PYREGRID         = OFF
 PYRFACEMAXIATOL  = 1.700000E+02
 PYRFACEMINIATOL  = 5.000000E+00
 PYRFACESKEWTOL   = 8.000000E+01
 PYRFACETAPERTOL  = 7.500000E-01
 PYRFACEWARPTOL   = 4.500000E+01
 PYRMAXEPADTOL    = 3.000000E+01
 PYRMINEPLRTOL    = 5.000000E-01
 PYRREDORD        = ON
 QUADARTOL        = 1.000000E+02
 QUADBNDREDORD    = ON
 QUADELEMTYPE     = SRI
 QUADEQVLOAD      = OFF
 QUADINODE        = OFF
 QUADMAXEPADTOL   = 3.000000E+01
 QUADMAXIATOL     = 1.650000E+02
 QUADMEMREDORD    = ON
 QUADMINEPLRTOL   = 5.000000E-01
 QUADMINIATOL     = 2.500000E+01
 QUADRNODE        = OFF
 QUADSECT         = OFF
 QUADSKEWTOL      = 6.500000E+01
 QUADTAPERTOL     = 7.500000E-01
 QUADWARPLIMIT    = 4.500000E+01
 QUADWARPTOL      = 4.500000E+01
 RADMATRIX        = ON
 RANDRESPINVLEVEL = 1
 RANDRESPRSLTOUT  = ON
 RBCHECKLEVEL     = 0
 RBCHECKMODES     = 0
 RESEQGRID        = OFF
 RESEQGRIDMETHOD  = AUTO
 RESEQSTARTGRID   = 0
 RESVEC           = OFF
 RESVPGF          = 1.000000E-06
 RIGIDBODYMODE    = AUTO
 RIGIDELEM2ELAS   = OFF
 RIGIDELEMCORD    = AUTO
 RIGIDELEMTYPE    = RBE
 ROTINERTIA       = ON
 RSPECTRA         = OFF
 RSLTDATABASE     = DELETE
 RSLTFILECOMP     = OFF
 SCRSPEC          = OFF
 SHEARELEMTYPE    = NASTRAN
 SHELLTVSMATTYPE  = FLEXIBLE
 SIGMA            = 0.000000E+00
 SKINGEN          = DISABLE
 SLINEEDGENORMTOL = 6.000000E+01
 SLINEFACENORMTOL = 3.000000E+01
 
 
 
 
 
 
                                                                        06/20/21  18:44  ADS NASTRAN VERSION 15.0.0.187  PAGE     33
 
 
 
 
                                      A N A L Y S I S   P A R A M E T E R   D E F I N I T I O N
 
 
 
 SLINEKAVG        = OFF
 SLINEKSFACT      = 1.000000E+00
 SLINEKSFACT2TC   = OFF
 SLINEMAXACTCORD  = 0
 SLINEMAXACTDIR   = XYZ
 SLINEMAXACTDIST  = AUTO
 SLINEMAXACTRATIO = 0.000000E+00
 SLINEMAXACTWIDTH = AUTO
 SLINEMAXDISPTOL  = 1.000000E-04
 SLINEMAXPENDIST  = AUTO
 SLINEOFFSETTOL   = AUTO
 SLINEOPENKSFACT  = 1.000000E-10
 SLINEPENTOL      = 2.000000E-01
 SLINEPOSTOL      = 1.000000E-02
 SLINEPROTOL      = AUTO
 SLINEPLANEZDIR   = 3
 SLINESLIDETYPE   = DYNAMIC
 SLINESTABKSFACT  = 0.000000E+00
 SLINESTABOPTION  = 0
 SLINESTRESSLOC   = MASTER
 SLINEUNLOADTOL   = 1.000000E-10
 SOLUTIONERROR    = OFF
 SORTMODEMASS     = ON
 SPARSEITERMETHOD = PRIMAL
 SPARSEITERMODE   = 0
 SPARSEITERTOL    = 1.000000E-06
 SPARSEMETHOD     = SHELL
 SPCGEN           = OFF
 STIFFRATIOTOL    = 1.000000E-08
 STIFFZEROTOL     = 1.000000E-15
 STRENGTHRATIO    = OFF
 STRESSERROR      = ON
 TABS             = 0.000000E+00
 TETARTOL         = 1.000000E+02
 TEMPDEPCOMP      = OFF
 TETEGRID         = OFF
 TETFACEMAXIATOL  = 1.700000E+02
 TETFACEMINIATOL  = 1.000000E+01
 TETFACESKEWTOL   = 8.000000E+01
 TETINODE         = OFF
 TETMAXEPADTOL    = 3.000000E+01
 TETMINEPLRTOL    = 5.000000E-01
 TETREDORD        = ON
 TOPTACITERSOLTOL = 1.000000E-04
 TOPTALMMETHOD    = 1
 TOPTALMSPSFACT   = 5.000000E-01
 TOPTBTHRESHOLD   = 5.000000E-01
 TOPTCOMPINDEX    = 1.000000E+10
 TOPTDATABASE     = DELETE
 TOPTDEPXITER     = 1
 TOPTDESIGNCONSTR = 1.000000E+10
 TOPTDESIGNREGION = 1
 TOPTDESIGNTOL    = -1.000000E+00
 TOPTDTHRESHOLD   = 1.000000E-03
 TOPTELEMEXTTOL   = 1.000000E-02
 TOPTELEMSYMTOL   = 1.000000E-02
 TOPTGEN          = DISABLE
 TOPTGLBDMETHOD   = 3
 TOPTGLBSMETHOD   = 3
 TOPTITERSOLMODE  = AUTO
 
 
 
 
 
 
                                                                        06/20/21  18:44  ADS NASTRAN VERSION 15.0.0.187  PAGE     34
 
 
 
 
                                      A N A L Y S I S   P A R A M E T E R   D E F I N I T I O N
 
 
 
 TOPTITERTOL      = -1.000000E+00
 TOPTMANCONSTR    = DISABLE
 TOPTMANCORD      = 0
 TOPTMANDIR       = XY
 TOPTMAXACTDIST   = 0.000000E+00
 TOPTMAXALPHA     = AUTO
 TOPTMAXBETA      = AUTO
 TOPTMAXDELTAOBJ  = -1.000000E+00
 TOPTMAXGRAYSCALE = -1.000000E+00
 TOPTMAXPNORMEXP  = 0.000000E+00
 TOPTMINADJVF     = 5.000000E-02
 TOPTSOLACCEL     = OFF
 TOPTSTRESSTOL    = 4.000000E-03
 TRIARTOL         = 1.000000E+02
 TRIBNDEDORD      = ON
 TRIELEMTYPE      = DKT
 TRIEQVLOAD       = OFF
 TRIMAXEPADTOL    = 3.000000E+01
 TRIMAXIATOL      = 1.700000E+02
 TRIMEMREDORD     = ON
 TRIMINEPLRTOL    = 5.000000E-01
 TRIMINIATOL      = 1.000000E+01
 TRIRNODE         = OFF
 TRISKEWTOL       = 6.500000E+01
 TSAI2LARC02      = ON
 TSAI2MCT         = OFF
 TSAI2MCTBVF      = AUTO
 TSAI2MCTFVF      = AUTO
 UNITS            = MM---
 UNRESEQGRID      = ON
 VFM2ACB          = OFF
 VFMADDMETHOD     = ASSEMBLY
 VFMINTERACTTOL   = 1.000000E-10
 VFMNORMTOL       = 3.000000E+01
 USAWETSURFACE    = 0
 W3               = 0.000000E+00
 W4               = 0.000000E+00
 WARNING          = ON
 WTMASS           = 1.000000E+00
 WTMASSMETHOD     = NORAN
 XDAMP            = ON
 ZERONPDELEMMASS  = OFF
 ZONADATAOUT      = OFF
 
 
 
 
 
 
 
                                                                        06/20/21  18:44  ADS NASTRAN VERSION 15.0.0.187  PAGE     35
 
 
 
 
 
 
 
 
 
 MODEL ANALYSIS TIME SUMMARY
 
 TOTAL CPU TIME = 0.7 SECONDS
 WALLCLOCK TIME = 3.2 SECONDS
 
 EXECUTION TERMINATED NORMALLY
 
 TOTAL WARNINGS     = 0
 TOTAL FATAL ERRORS = 0
 
 
 
 
 
 
